<?xml version="1.0" encoding="UTF-8"?>
<testsuite name="com.zetn333.blogsearchservice.api.search.service.BlogSearchServiceTest" tests="4" skipped="0" failures="0" errors="0" timestamp="2023-03-24T01:53:27" hostname="DESKTOP-VQUAQDR" time="2.798">
  <properties/>
  <testcase name="selectHotKeywordsCurrencyTest()" classname="com.zetn333.blogsearchservice.api.search.service.BlogSearchServiceTest" time="1.193"/>
  <testcase name="updateSearchKeywordStatusCurrencyTest()" classname="com.zetn333.blogsearchservice.api.search.service.BlogSearchServiceTest" time="0.599"/>
  <testcase name="searchBlogParameterTest()" classname="com.zetn333.blogsearchservice.api.search.service.BlogSearchServiceTest" time="0.185"/>
  <testcase name="searchBlog()" classname="com.zetn333.blogsearchservice.api.search.service.BlogSearchServiceTest" time="0.815"/>
  <system-out><![CDATA[2023-03-24 10:53:27.267  INFO 53500 --- [    Test worker] .b.t.c.SpringBootTestContextBootstrapper : Neither @ContextConfiguration nor @ContextHierarchy found for test class [com.zetn333.blogsearchservice.api.search.service.BlogSearchServiceTest], using SpringBootContextLoader
2023-03-24 10:53:27.268  INFO 53500 --- [    Test worker] o.s.t.c.support.AbstractContextLoader    : Could not detect default resource locations for test class [com.zetn333.blogsearchservice.api.search.service.BlogSearchServiceTest]: no resource found for suffixes {-context.xml, Context.groovy}.
2023-03-24 10:53:27.269  INFO 53500 --- [    Test worker] t.c.s.AnnotationConfigContextLoaderUtils : Could not detect default configuration classes for test class [com.zetn333.blogsearchservice.api.search.service.BlogSearchServiceTest]: BlogSearchServiceTest does not declare any static, non-private, non-final, nested classes annotated with @Configuration.
2023-03-24 10:53:27.290  INFO 53500 --- [    Test worker] .b.t.c.SpringBootTestContextBootstrapper : Found @SpringBootConfiguration com.zetn333.blogsearchservice.ApiApplication for test class com.zetn333.blogsearchservice.api.search.service.BlogSearchServiceTest
2023-03-24 10:53:27.291  INFO 53500 --- [    Test worker] .b.t.c.SpringBootTestContextBootstrapper : Loaded default TestExecutionListener class names from location [META-INF/spring.factories]: [org.springframework.boot.test.autoconfigure.restdocs.RestDocsTestExecutionListener, org.springframework.boot.test.autoconfigure.web.client.MockRestServiceServerResetTestExecutionListener, org.springframework.boot.test.autoconfigure.web.servlet.MockMvcPrintOnlyOnFailureTestExecutionListener, org.springframework.boot.test.autoconfigure.web.servlet.WebDriverTestExecutionListener, org.springframework.boot.test.autoconfigure.webservices.client.MockWebServiceServerTestExecutionListener, org.springframework.boot.test.mock.mockito.MockitoTestExecutionListener, org.springframework.boot.test.mock.mockito.ResetMocksTestExecutionListener, org.springframework.test.context.web.ServletTestExecutionListener, org.springframework.test.context.support.DirtiesContextBeforeModesTestExecutionListener, org.springframework.test.context.event.ApplicationEventsTestExecutionListener, org.springframework.test.context.support.DependencyInjectionTestExecutionListener, org.springframework.test.context.support.DirtiesContextTestExecutionListener, org.springframework.test.context.transaction.TransactionalTestExecutionListener, org.springframework.test.context.jdbc.SqlScriptsTestExecutionListener, org.springframework.test.context.event.EventPublishingTestExecutionListener]
2023-03-24 10:53:27.292  INFO 53500 --- [    Test worker] .b.t.c.SpringBootTestContextBootstrapper : Using TestExecutionListeners: [org.springframework.test.context.web.ServletTestExecutionListener@61f6508e, org.springframework.test.context.support.DirtiesContextBeforeModesTestExecutionListener@5527763b, org.springframework.test.context.event.ApplicationEventsTestExecutionListener@4fec91ea, org.springframework.boot.test.mock.mockito.MockitoTestExecutionListener@41837803, org.springframework.boot.test.autoconfigure.SpringBootDependencyInjectionTestExecutionListener@1222229d, org.springframework.test.context.support.DirtiesContextTestExecutionListener@7c5a084c, org.springframework.test.context.transaction.TransactionalTestExecutionListener@5712a5ec, org.springframework.test.context.jdbc.SqlScriptsTestExecutionListener@d0b8c6d, org.springframework.test.context.event.EventPublishingTestExecutionListener@ebe719b, org.springframework.boot.test.autoconfigure.restdocs.RestDocsTestExecutionListener@220a1068, org.springframework.boot.test.autoconfigure.web.client.MockRestServiceServerResetTestExecutionListener@60f5ec00, org.springframework.boot.test.autoconfigure.web.servlet.MockMvcPrintOnlyOnFailureTestExecutionListener@31cc7c97, org.springframework.boot.test.autoconfigure.web.servlet.WebDriverTestExecutionListener@4c83f19c, org.springframework.boot.test.autoconfigure.webservices.client.MockWebServiceServerTestExecutionListener@3e783134, org.springframework.boot.test.mock.mockito.ResetMocksTestExecutionListener@71a25f17]
2023-03-24 10:53:27.355  INFO 53500 --- [    Test worker] c.z.b.a.s.service.BlogSearchService      : kakao api response = com.zetn333.blogsearchservice.api.search.dto.SearchBlogResponse@6cb36532
Hibernate: 
    select
        searchstat0_.search_id as search_i1_0_,
        searchstat0_.create_datetime as create_d2_0_,
        searchstat0_.update_datetime as update_d3_0_,
        searchstat0_.last_search_datetime as last_sea4_0_,
        searchstat0_.search_count as search_c5_0_,
        searchstat0_.search_keyword as search_k6_0_ 
    from
        search_status searchstat0_ 
    where
        searchstat0_.search_keyword=? for update
            
2023-03-24 10:53:27.358  INFO 53500 --- [    Test worker] c.z.b.a.s.service.BlogSearchService      : searchStatusEntity before = null
2023-03-24 10:53:27.358  INFO 53500 --- [    Test worker] c.z.b.a.s.service.BlogSearchService      : searchStatusEntity after = SearchStatusEntity(searchId=null, searchKeyword=곽튜브, searchCount=1, lastSearchDateTime=2023-03-24T10:53:27.358347600)
Hibernate: 
    insert 
    into
        search_status
        (create_datetime, update_datetime, last_search_datetime, search_count, search_keyword) 
    values
        (?, ?, ?, ?, ?)
2023-03-24 10:53:27.405  INFO 53500 --- [pool-4-thread-3] c.z.b.a.s.service.BlogSearchService      : kakao api response = com.zetn333.blogsearchservice.api.search.dto.SearchBlogResponse@76bc9a70
2023-03-24 10:53:27.487  INFO 53500 --- [pool-4-thread-7] c.z.b.a.s.service.BlogSearchService      : kakao api response = com.zetn333.blogsearchservice.api.search.dto.SearchBlogResponse@11894322
Hibernate: 
    select
        searchstat0_.search_id as search_i1_0_,
        searchstat0_.create_datetime as create_d2_0_,
        searchstat0_.update_datetime as update_d3_0_,
        searchstat0_.last_search_datetime as last_sea4_0_,
        searchstat0_.search_count as search_c5_0_,
        searchstat0_.search_keyword as search_k6_0_ 
    from
        search_status searchstat0_ 
    where
        searchstat0_.search_keyword=? for update
            
2023-03-24 10:53:27.540  INFO 53500 --- [pool-4-thread-3] c.z.b.a.s.service.BlogSearchService      : searchStatusEntity before = SearchStatusEntity(searchId=2, searchKeyword=곽튜브, searchCount=1, lastSearchDateTime=2023-03-24T10:53:27.358348)
2023-03-24 10:53:27.540  INFO 53500 --- [pool-4-thread-3] c.z.b.a.s.service.BlogSearchService      : searchStatusEntity after = SearchStatusEntity(searchId=2, searchKeyword=곽튜브, searchCount=2, lastSearchDateTime=2023-03-24T10:53:27.540859200)
Hibernate: 
    update
        search_status 
    set
        update_datetime=?,
        last_search_datetime=?,
        search_count=?,
        search_keyword=? 
    where
        search_id=?
Hibernate: 
    select
        searchstat0_.search_id as search_i1_0_,
        searchstat0_.create_datetime as create_d2_0_,
        searchstat0_.update_datetime as update_d3_0_,
        searchstat0_.last_search_datetime as last_sea4_0_,
        searchstat0_.search_count as search_c5_0_,
        searchstat0_.search_keyword as search_k6_0_ 
    from
        search_status searchstat0_ 
    where
        searchstat0_.search_keyword=? for update
            
2023-03-24 10:53:27.612  INFO 53500 --- [pool-4-thread-1] c.z.b.a.s.service.BlogSearchService      : kakao api response = com.zetn333.blogsearchservice.api.search.dto.SearchBlogResponse@4c8754fc
Hibernate: 
    select
        searchstat0_.search_id as search_i1_0_,
        searchstat0_.create_datetime as create_d2_0_,
        searchstat0_.update_datetime as update_d3_0_,
        searchstat0_.last_search_datetime as last_sea4_0_,
        searchstat0_.search_count as search_c5_0_,
        searchstat0_.search_keyword as search_k6_0_ 
    from
        search_status searchstat0_ 
    where
        searchstat0_.search_keyword=? for update
            
2023-03-24 10:53:27.626  INFO 53500 --- [pool-4-thread-7] c.z.b.a.s.service.BlogSearchService      : searchStatusEntity before = SearchStatusEntity(searchId=2, searchKeyword=곽튜브, searchCount=2, lastSearchDateTime=2023-03-24T10:53:27.540859)
2023-03-24 10:53:27.626  INFO 53500 --- [pool-4-thread-7] c.z.b.a.s.service.BlogSearchService      : searchStatusEntity after = SearchStatusEntity(searchId=2, searchKeyword=곽튜브, searchCount=3, lastSearchDateTime=2023-03-24T10:53:27.626629500)
Hibernate: 
    update
        search_status 
    set
        update_datetime=?,
        last_search_datetime=?,
        search_count=?,
        search_keyword=? 
    where
        search_id=?
2023-03-24 10:53:27.638  INFO 53500 --- [pool-4-thread-6] c.z.b.a.s.service.BlogSearchService      : kakao api response = com.zetn333.blogsearchservice.api.search.dto.SearchBlogResponse@4e3530a
Hibernate: 
    select
        searchstat0_.search_id as search_i1_0_,
        searchstat0_.create_datetime as create_d2_0_,
        searchstat0_.update_datetime as update_d3_0_,
        searchstat0_.last_search_datetime as last_sea4_0_,
        searchstat0_.search_count as search_c5_0_,
        searchstat0_.search_keyword as search_k6_0_ 
    from
        search_status searchstat0_ 
    where
        searchstat0_.search_keyword=? for update
            
2023-03-24 10:53:27.639  INFO 53500 --- [pool-4-thread-2] c.z.b.a.s.service.BlogSearchService      : kakao api response = com.zetn333.blogsearchservice.api.search.dto.SearchBlogResponse@70aa548a
Hibernate: 
    select
        searchstat0_.search_id as search_i1_0_,
        searchstat0_.create_datetime as create_d2_0_,
        searchstat0_.update_datetime as update_d3_0_,
        searchstat0_.last_search_datetime as last_sea4_0_,
        searchstat0_.search_count as search_c5_0_,
        searchstat0_.search_keyword as search_k6_0_ 
    from
        search_status searchstat0_ 
    where
        searchstat0_.search_keyword=? for update
            
2023-03-24 10:53:27.642  INFO 53500 --- [pool-4-thread-6] c.z.b.a.s.service.BlogSearchService      : searchStatusEntity before = SearchStatusEntity(searchId=2, searchKeyword=곽튜브, searchCount=3, lastSearchDateTime=2023-03-24T10:53:27.626630)
2023-03-24 10:53:27.642  INFO 53500 --- [pool-4-thread-6] c.z.b.a.s.service.BlogSearchService      : searchStatusEntity after = SearchStatusEntity(searchId=2, searchKeyword=곽튜브, searchCount=4, lastSearchDateTime=2023-03-24T10:53:27.642601300)
Hibernate: 
    update
        search_status 
    set
        update_datetime=?,
        last_search_datetime=?,
        search_count=?,
        search_keyword=? 
    where
        search_id=?
2023-03-24 10:53:27.649  INFO 53500 --- [pool-4-thread-4] c.z.b.a.s.service.BlogSearchService      : kakao api response = com.zetn333.blogsearchservice.api.search.dto.SearchBlogResponse@250b828c
2023-03-24 10:53:27.650  INFO 53500 --- [ool-4-thread-10] c.z.b.a.s.service.BlogSearchService      : kakao api response = com.zetn333.blogsearchservice.api.search.dto.SearchBlogResponse@5545dfe8
Hibernate: 
    select
        searchstat0_.search_id as search_i1_0_,
        searchstat0_.create_datetime as create_d2_0_,
        searchstat0_.update_datetime as update_d3_0_,
        searchstat0_.last_search_datetime as last_sea4_0_,
        searchstat0_.search_count as search_c5_0_,
        searchstat0_.search_keyword as search_k6_0_ 
    from
        search_status searchstat0_ 
    where
        searchstat0_.search_keyword=? for update
            
Hibernate: 
    select
        searchstat0_.search_id as search_i1_0_,
        searchstat0_.create_datetime as create_d2_0_,
        searchstat0_.update_datetime as update_d3_0_,
        searchstat0_.last_search_datetime as last_sea4_0_,
        searchstat0_.search_count as search_c5_0_,
        searchstat0_.search_keyword as search_k6_0_ 
    from
        search_status searchstat0_ 
    where
        searchstat0_.search_keyword=? for update
            
2023-03-24 10:53:27.657  INFO 53500 --- [pool-4-thread-4] c.z.b.a.s.service.BlogSearchService      : searchStatusEntity before = SearchStatusEntity(searchId=2, searchKeyword=곽튜브, searchCount=4, lastSearchDateTime=2023-03-24T10:53:27.642601)
2023-03-24 10:53:27.657  INFO 53500 --- [pool-4-thread-4] c.z.b.a.s.service.BlogSearchService      : searchStatusEntity after = SearchStatusEntity(searchId=2, searchKeyword=곽튜브, searchCount=5, lastSearchDateTime=2023-03-24T10:53:27.657547400)
Hibernate: 
    update
        search_status 
    set
        update_datetime=?,
        last_search_datetime=?,
        search_count=?,
        search_keyword=? 
    where
        search_id=?
2023-03-24 10:53:27.668  INFO 53500 --- [pool-4-thread-8] c.z.b.a.s.service.BlogSearchService      : kakao api response = com.zetn333.blogsearchservice.api.search.dto.SearchBlogResponse@50f74eeb
Hibernate: 
    select
        searchstat0_.search_id as search_i1_0_,
        searchstat0_.create_datetime as create_d2_0_,
        searchstat0_.update_datetime as update_d3_0_,
        searchstat0_.last_search_datetime as last_sea4_0_,
        searchstat0_.search_count as search_c5_0_,
        searchstat0_.search_keyword as search_k6_0_ 
    from
        search_status searchstat0_ 
    where
        searchstat0_.search_keyword=? for update
            
2023-03-24 10:53:27.670  INFO 53500 --- [pool-4-thread-5] c.z.b.a.s.service.BlogSearchService      : kakao api response = com.zetn333.blogsearchservice.api.search.dto.SearchBlogResponse@454795e9
Hibernate: 
    select
        searchstat0_.search_id as search_i1_0_,
        searchstat0_.create_datetime as create_d2_0_,
        searchstat0_.update_datetime as update_d3_0_,
        searchstat0_.last_search_datetime as last_sea4_0_,
        searchstat0_.search_count as search_c5_0_,
        searchstat0_.search_keyword as search_k6_0_ 
    from
        search_status searchstat0_ 
    where
        searchstat0_.search_keyword=? for update
            
2023-03-24 10:53:27.673  INFO 53500 --- [pool-4-thread-8] c.z.b.a.s.service.BlogSearchService      : searchStatusEntity before = SearchStatusEntity(searchId=2, searchKeyword=곽튜브, searchCount=5, lastSearchDateTime=2023-03-24T10:53:27.657547)
2023-03-24 10:53:27.681  INFO 53500 --- [pool-4-thread-8] c.z.b.a.s.service.BlogSearchService      : searchStatusEntity after = SearchStatusEntity(searchId=2, searchKeyword=곽튜브, searchCount=6, lastSearchDateTime=2023-03-24T10:53:27.681483600)
Hibernate: 
    update
        search_status 
    set
        update_datetime=?,
2023-03-24 10:53:27.683  INFO 53500 --- [pool-4-thread-9] c.z.b.a.s.service.BlogSearchService      : kakao api response = com.zetn333.blogsearchservice.api.search.dto.SearchBlogResponse@7d6ba274
        last_search_datetime=?,
        search_count=?,
        search_keyword=? 
    where
        search_id=?
2023-03-24 10:53:27.675  INFO 53500 --- [ool-4-thread-22] c.z.b.a.s.service.BlogSearchService      : kakao api response = com.zetn333.blogsearchservice.api.search.dto.SearchBlogResponse@5d0fae8d
Hibernate: 
    select
        searchstat0_.search_id as search_i1_0_,
        searchstat0_.create_datetime as create_d2_0_,
        searchstat0_.update_datetime as update_d3_0_,
        searchstat0_.last_search_datetime as last_sea4_0_,
        searchstat0_.search_count as search_c5_0_,
        searchstat0_.search_keyword as search_k6_0_ 
    from
        search_status searchstat0_ 
    where
        searchstat0_.search_keyword=? for update
            
Hibernate: 
    select
        searchstat0_.search_id as search_i1_0_,
        searchstat0_.create_datetime as create_d2_0_,
        searchstat0_.update_datetime as update_d3_0_,
        searchstat0_.last_search_datetime as last_sea4_0_,
        searchstat0_.search_count as search_c5_0_,
        searchstat0_.search_keyword as search_k6_0_ 
    from
        search_status searchstat0_ 
    where
        searchstat0_.search_keyword=? for update
            
2023-03-24 10:53:27.694  INFO 53500 --- [pool-4-thread-9] c.z.b.a.s.service.BlogSearchService      : searchStatusEntity before = SearchStatusEntity(searchId=2, searchKeyword=곽튜브, searchCount=6, lastSearchDateTime=2023-03-24T10:53:27.681484)
2023-03-24 10:53:27.694  INFO 53500 --- [pool-4-thread-9] c.z.b.a.s.service.BlogSearchService      : searchStatusEntity after = SearchStatusEntity(searchId=2, searchKeyword=곽튜브, searchCount=7, lastSearchDateTime=2023-03-24T10:53:27.694448900)
2023-03-24 10:53:27.697  INFO 53500 --- [ool-4-thread-20] c.z.b.a.s.service.BlogSearchService      : kakao api response = com.zetn333.blogsearchservice.api.search.dto.SearchBlogResponse@b97c24c
2023-03-24 10:53:27.697  INFO 53500 --- [ool-4-thread-21] c.z.b.a.s.service.BlogSearchService      : kakao api response = com.zetn333.blogsearchservice.api.search.dto.SearchBlogResponse@1f67c997
Hibernate: 
    select
        searchstat0_.search_id as search_i1_0_,
        searchstat0_.create_datetime as create_d2_0_,
        searchstat0_.update_datetime as update_d3_0_,
        searchstat0_.last_search_datetime as last_sea4_0_,
        searchstat0_.search_count as search_c5_0_,
        searchstat0_.search_keyword as search_k6_0_ 
    from
        search_status searchstat0_ 
    where
        searchstat0_.search_keyword=? for update
            
Hibernate: 
    select
        searchstat0_.search_id as search_i1_0_,
        searchstat0_.create_datetime as create_d2_0_,
        searchstat0_.update_datetime as update_d3_0_,
        searchstat0_.last_search_datetime as last_sea4_0_,
        searchstat0_.search_count as search_c5_0_,
        searchstat0_.search_keyword as search_k6_0_ 
    from
        search_status searchstat0_ 
    where
        searchstat0_.search_keyword=? for update
            
Hibernate: 
    update
        search_status 
    set
        update_datetime=?,
        last_search_datetime=?,
        search_count=?,
        search_keyword=? 
    where
        search_id=?
2023-03-24 10:53:27.703  INFO 53500 --- [pool-4-thread-1] c.z.b.a.s.service.BlogSearchService      : searchStatusEntity before = SearchStatusEntity(searchId=2, searchKeyword=곽튜브, searchCount=7, lastSearchDateTime=2023-03-24T10:53:27.694449)
2023-03-24 10:53:27.704  INFO 53500 --- [pool-4-thread-1] c.z.b.a.s.service.BlogSearchService      : searchStatusEntity after = SearchStatusEntity(searchId=2, searchKeyword=곽튜브, searchCount=8, lastSearchDateTime=2023-03-24T10:53:27.704422400)
Hibernate: 
    update
        search_status 
    set
        update_datetime=?,
        last_search_datetime=?,
        search_count=?,
        search_keyword=? 
    where
        search_id=?
2023-03-24 10:53:27.710  INFO 53500 --- [ool-4-thread-20] c.z.b.a.s.service.BlogSearchService      : searchStatusEntity before = SearchStatusEntity(searchId=2, searchKeyword=곽튜브, searchCount=8, lastSearchDateTime=2023-03-24T10:53:27.704422)
2023-03-24 10:53:27.710  INFO 53500 --- [ool-4-thread-20] c.z.b.a.s.service.BlogSearchService      : searchStatusEntity after = SearchStatusEntity(searchId=2, searchKeyword=곽튜브, searchCount=9, lastSearchDateTime=2023-03-24T10:53:27.710407)
Hibernate: 
    update
        search_status 
    set
        update_datetime=?,
        last_search_datetime=?,
        search_count=?,
        search_keyword=? 
    where
        search_id=?
2023-03-24 10:53:27.711  INFO 53500 --- [ool-4-thread-19] c.z.b.a.s.service.BlogSearchService      : kakao api response = com.zetn333.blogsearchservice.api.search.dto.SearchBlogResponse@4000c4b0
Hibernate: 
    select
        searchstat0_.search_id as search_i1_0_,
        searchstat0_.create_datetime as create_d2_0_,
        searchstat0_.update_datetime as update_d3_0_,
        searchstat0_.last_search_datetime as last_sea4_0_,
        searchstat0_.search_count as search_c5_0_,
        searchstat0_.search_keyword as search_k6_0_ 
    from
        search_status searchstat0_ 
    where
        searchstat0_.search_keyword=? for update
            
2023-03-24 10:53:27.716  INFO 53500 --- [ool-4-thread-19] c.z.b.a.s.service.BlogSearchService      : searchStatusEntity before = SearchStatusEntity(searchId=2, searchKeyword=곽튜브, searchCount=9, lastSearchDateTime=2023-03-24T10:53:27.710407)
2023-03-24 10:53:27.716  INFO 53500 --- [ool-4-thread-19] c.z.b.a.s.service.BlogSearchService      : searchStatusEntity after = SearchStatusEntity(searchId=2, searchKeyword=곽튜브, searchCount=10, lastSearchDateTime=2023-03-24T10:53:27.716391700)
Hibernate: 
    update
        search_status 
    set
        update_datetime=?,
        last_search_datetime=?,
        search_count=?,
        search_keyword=? 
    where
        search_id=?
2023-03-24 10:53:27.721  INFO 53500 --- [ool-4-thread-10] c.z.b.a.s.service.BlogSearchService      : searchStatusEntity before = SearchStatusEntity(searchId=2, searchKeyword=곽튜브, searchCount=10, lastSearchDateTime=2023-03-24T10:53:27.716392)
2023-03-24 10:53:27.721  INFO 53500 --- [ool-4-thread-10] c.z.b.a.s.service.BlogSearchService      : searchStatusEntity after = SearchStatusEntity(searchId=2, searchKeyword=곽튜브, searchCount=11, lastSearchDateTime=2023-03-24T10:53:27.721376600)
Hibernate: 
    update
        search_status 
    set
        update_datetime=?,
        last_search_datetime=?,
        search_count=?,
        search_keyword=? 
    where
        search_id=?
2023-03-24 10:53:27.737  INFO 53500 --- [ool-4-thread-18] c.z.b.a.s.service.BlogSearchService      : kakao api response = com.zetn333.blogsearchservice.api.search.dto.SearchBlogResponse@73d01fc8
Hibernate: 
    select
        searchstat0_.search_id as search_i1_0_,
        searchstat0_.create_datetime as create_d2_0_,
        searchstat0_.update_datetime as update_d3_0_,
        searchstat0_.last_search_datetime as last_sea4_0_,
        searchstat0_.search_count as search_c5_0_,
        searchstat0_.search_keyword as search_k6_0_ 
    from
        search_status searchstat0_ 
    where
        searchstat0_.search_keyword=? for update
            
2023-03-24 10:53:27.740  INFO 53500 --- [ool-4-thread-17] c.z.b.a.s.service.BlogSearchService      : kakao api response = com.zetn333.blogsearchservice.api.search.dto.SearchBlogResponse@5c70cc9c
Hibernate: 
    select
        searchstat0_.search_id as search_i1_0_,
        searchstat0_.create_datetime as create_d2_0_,
        searchstat0_.update_datetime as update_d3_0_,
        searchstat0_.last_search_datetime as last_sea4_0_,
        searchstat0_.search_count as search_c5_0_,
        searchstat0_.search_keyword as search_k6_0_ 
    from
        search_status searchstat0_ 
    where
        searchstat0_.search_keyword=? for update
            
2023-03-24 10:53:27.747  INFO 53500 --- [ool-4-thread-16] c.z.b.a.s.service.BlogSearchService      : kakao api response = com.zetn333.blogsearchservice.api.search.dto.SearchBlogResponse@10ab9542
Hibernate: 
    select
        searchstat0_.search_id as search_i1_0_,
        searchstat0_.create_datetime as create_d2_0_,
        searchstat0_.update_datetime as update_d3_0_,
        searchstat0_.last_search_datetime as last_sea4_0_,
        searchstat0_.search_count as search_c5_0_,
        searchstat0_.search_keyword as search_k6_0_ 
    from
        search_status searchstat0_ 
    where
        searchstat0_.search_keyword=? for update
            
2023-03-24 10:53:27.749  INFO 53500 --- [ool-4-thread-15] c.z.b.a.s.service.BlogSearchService      : kakao api response = com.zetn333.blogsearchservice.api.search.dto.SearchBlogResponse@6241ebed
2023-03-24 10:53:27.741  INFO 53500 --- [ool-4-thread-18] c.z.b.a.s.service.BlogSearchService      : searchStatusEntity before = SearchStatusEntity(searchId=2, searchKeyword=곽튜브, searchCount=11, lastSearchDateTime=2023-03-24T10:53:27.721377)
2023-03-24 10:53:27.750  INFO 53500 --- [ool-4-thread-18] c.z.b.a.s.service.BlogSearchService      : searchStatusEntity after = SearchStatusEntity(searchId=2, searchKeyword=곽튜브, searchCount=12, lastSearchDateTime=2023-03-24T10:53:27.750298600)
Hibernate: 
    select
        searchstat0_.search_id as search_i1_0_,
        searchstat0_.create_datetime as create_d2_0_,
        searchstat0_.update_datetime as update_d3_0_,
        searchstat0_.last_search_datetime as last_sea4_0_,
        searchstat0_.search_count as search_c5_0_,
        searchstat0_.search_keyword as search_k6_0_ 
    from
        search_status searchstat0_ 
    where
        searchstat0_.search_keyword=? for update
            
Hibernate: 
    update
        search_status 
    set
        update_datetime=?,
        last_search_datetime=?,
        search_count=?,
        search_keyword=? 
    where
        search_id=?
2023-03-24 10:53:27.757  INFO 53500 --- [ool-4-thread-14] c.z.b.a.s.service.BlogSearchService      : kakao api response = com.zetn333.blogsearchservice.api.search.dto.SearchBlogResponse@35ed714e
2023-03-24 10:53:27.758  INFO 53500 --- [pool-4-thread-5] c.z.b.a.s.service.BlogSearchService      : searchStatusEntity before = SearchStatusEntity(searchId=2, searchKeyword=곽튜브, searchCount=12, lastSearchDateTime=2023-03-24T10:53:27.750299)
2023-03-24 10:53:27.759  INFO 53500 --- [pool-4-thread-5] c.z.b.a.s.service.BlogSearchService      : searchStatusEntity after = SearchStatusEntity(searchId=2, searchKeyword=곽튜브, searchCount=13, lastSearchDateTime=2023-03-24T10:53:27.759274900)
Hibernate: 
    select
        searchstat0_.search_id as search_i1_0_,
        searchstat0_.create_datetime as create_d2_0_,
        searchstat0_.update_datetime as update_d3_0_,
        searchstat0_.last_search_datetime as last_sea4_0_,
        searchstat0_.search_count as search_c5_0_,
        searchstat0_.search_keyword as search_k6_0_ 
    from
        search_status searchstat0_ 
    where
        searchstat0_.search_keyword=? for update
            
Hibernate: 
    update
        search_status 
    set
        update_datetime=?,
        last_search_datetime=?,
        search_count=?,
        search_keyword=? 
    where
        search_id=?
2023-03-24 10:53:27.767  INFO 53500 --- [pool-4-thread-2] c.z.b.a.s.service.BlogSearchService      : searchStatusEntity before = SearchStatusEntity(searchId=2, searchKeyword=곽튜브, searchCount=13, lastSearchDateTime=2023-03-24T10:53:27.759275)
2023-03-24 10:53:27.767  INFO 53500 --- [pool-4-thread-2] c.z.b.a.s.service.BlogSearchService      : searchStatusEntity after = SearchStatusEntity(searchId=2, searchKeyword=곽튜브, searchCount=14, lastSearchDateTime=2023-03-24T10:53:27.767252900)
Hibernate: 
    update
        search_status 
    set
        update_datetime=?,
        last_search_datetime=?,
        search_count=?,
        search_keyword=? 
    where
        search_id=?
2023-03-24 10:53:27.770  INFO 53500 --- [ool-4-thread-23] c.z.b.a.s.service.BlogSearchService      : kakao api response = com.zetn333.blogsearchservice.api.search.dto.SearchBlogResponse@28c55461
Hibernate: 
    select
        searchstat0_.search_id as search_i1_0_,
        searchstat0_.create_datetime as create_d2_0_,
        searchstat0_.update_datetime as update_d3_0_,
        searchstat0_.last_search_datetime as last_sea4_0_,
        searchstat0_.search_count as search_c5_0_,
        searchstat0_.search_keyword as search_k6_0_ 
    from
        search_status searchstat0_ 
    where
        searchstat0_.search_keyword=? for update
            
2023-03-24 10:53:27.772  INFO 53500 --- [ool-4-thread-16] c.z.b.a.s.service.BlogSearchService      : searchStatusEntity before = SearchStatusEntity(searchId=2, searchKeyword=곽튜브, searchCount=14, lastSearchDateTime=2023-03-24T10:53:27.767253)
2023-03-24 10:53:27.772  INFO 53500 --- [ool-4-thread-16] c.z.b.a.s.service.BlogSearchService      : searchStatusEntity after = SearchStatusEntity(searchId=2, searchKeyword=곽튜브, searchCount=15, lastSearchDateTime=2023-03-24T10:53:27.772240500)
Hibernate: 
    update
        search_status 
    set
        update_datetime=?,
        last_search_datetime=?,
        search_count=?,
        search_keyword=? 
    where
        search_id=?
2023-03-24 10:53:27.781  INFO 53500 --- [ool-4-thread-21] c.z.b.a.s.service.BlogSearchService      : searchStatusEntity before = SearchStatusEntity(searchId=2, searchKeyword=곽튜브, searchCount=15, lastSearchDateTime=2023-03-24T10:53:27.772241)
2023-03-24 10:53:27.781  INFO 53500 --- [ool-4-thread-21] c.z.b.a.s.service.BlogSearchService      : searchStatusEntity after = SearchStatusEntity(searchId=2, searchKeyword=곽튜브, searchCount=16, lastSearchDateTime=2023-03-24T10:53:27.781216700)
Hibernate: 
    update
        search_status 
    set
        update_datetime=?,
        last_search_datetime=?,
        search_count=?,
        search_keyword=? 
    where
        search_id=?
2023-03-24 10:53:27.783  INFO 53500 --- [ool-4-thread-13] c.z.b.a.s.service.BlogSearchService      : kakao api response = com.zetn333.blogsearchservice.api.search.dto.SearchBlogResponse@4f3c1ed2
Hibernate: 
    select
        searchstat0_.search_id as search_i1_0_,
        searchstat0_.create_datetime as create_d2_0_,
        searchstat0_.update_datetime as update_d3_0_,
        searchstat0_.last_search_datetime as last_sea4_0_,
        searchstat0_.search_count as search_c5_0_,
        searchstat0_.search_keyword as search_k6_0_ 
    from
        search_status searchstat0_ 
    where
        searchstat0_.search_keyword=? for update
            
2023-03-24 10:53:27.786  INFO 53500 --- [ool-4-thread-15] c.z.b.a.s.service.BlogSearchService      : searchStatusEntity before = SearchStatusEntity(searchId=2, searchKeyword=곽튜브, searchCount=16, lastSearchDateTime=2023-03-24T10:53:27.781217)
2023-03-24 10:53:27.786  INFO 53500 --- [ool-4-thread-15] c.z.b.a.s.service.BlogSearchService      : searchStatusEntity after = SearchStatusEntity(searchId=2, searchKeyword=곽튜브, searchCount=17, lastSearchDateTime=2023-03-24T10:53:27.786202800)
Hibernate: 
    update
        search_status 
    set
        update_datetime=?,
        last_search_datetime=?,
        search_count=?,
        search_keyword=? 
    where
        search_id=?
2023-03-24 10:53:27.791  INFO 53500 --- [ool-4-thread-11] c.z.b.a.s.service.BlogSearchService      : kakao api response = com.zetn333.blogsearchservice.api.search.dto.SearchBlogResponse@226102d9
Hibernate: 
    select
        searchstat0_.search_id as search_i1_0_,
        searchstat0_.create_datetime as create_d2_0_,
        searchstat0_.update_datetime as update_d3_0_,
        searchstat0_.last_search_datetime as last_sea4_0_,
        searchstat0_.search_count as search_c5_0_,
        searchstat0_.search_keyword as search_k6_0_ 
    from
        search_status searchstat0_ 
    where
        searchstat0_.search_keyword=? for update
            
Hibernate: 
    SELECT
        * 
    FROM
        SEARCH_STATUS 
    ORDER BY
        search_count DESC LIMIT 10
2023-03-24 10:53:27.797  INFO 53500 --- [    Test worker] c.z.b.a.s.service.BlogSearchService      : hotKeywords = [SearchStatusEntity(searchId=2, searchKeyword=곽튜브, searchCount=17, lastSearchDateTime=2023-03-24T10:53:27.786203), SearchStatusEntity(searchId=1, searchKeyword=방탄소년단, searchCount=11, lastSearchDateTime=2023-03-24T10:53:27.250636)]
2023-03-24 10:53:27.800  INFO 53500 --- [ool-4-thread-11] c.z.b.a.s.service.BlogSearchService      : searchStatusEntity before = SearchStatusEntity(searchId=2, searchKeyword=곽튜브, searchCount=17, lastSearchDateTime=2023-03-24T10:53:27.786203)
2023-03-24 10:53:27.800  INFO 53500 --- [ool-4-thread-11] c.z.b.a.s.service.BlogSearchService      : searchStatusEntity after = SearchStatusEntity(searchId=2, searchKeyword=곽튜브, searchCount=18, lastSearchDateTime=2023-03-24T10:53:27.800164900)
2023-03-24 10:53:27.801  INFO 53500 --- [ool-4-thread-12] c.z.b.a.s.service.BlogSearchService      : kakao api response = com.zetn333.blogsearchservice.api.search.dto.SearchBlogResponse@190a03bd
Hibernate: 
    select
        searchstat0_.search_id as search_i1_0_,
        searchstat0_.create_datetime as create_d2_0_,
        searchstat0_.update_datetime as update_d3_0_,
        searchstat0_.last_search_datetime as last_sea4_0_,
        searchstat0_.search_count as search_c5_0_,
        searchstat0_.search_keyword as search_k6_0_ 
    from
        search_status searchstat0_ 
    where
        searchstat0_.search_keyword=? for update
            
Hibernate: 
    update
        search_status 
    set
        update_datetime=?,
        last_search_datetime=?,
        search_count=?,
        search_keyword=? 
    where
        search_id=?
2023-03-24 10:53:27.811  INFO 53500 --- [ool-4-thread-23] c.z.b.a.s.service.BlogSearchService      : searchStatusEntity before = SearchStatusEntity(searchId=2, searchKeyword=곽튜브, searchCount=18, lastSearchDateTime=2023-03-24T10:53:27.800165)
2023-03-24 10:53:27.812  INFO 53500 --- [ool-4-thread-23] c.z.b.a.s.service.BlogSearchService      : searchStatusEntity after = SearchStatusEntity(searchId=2, searchKeyword=곽튜브, searchCount=19, lastSearchDateTime=2023-03-24T10:53:27.812133700)
Hibernate: 
    update
        search_status 
    set
        update_datetime=?,
        last_search_datetime=?,
        search_count=?,
        search_keyword=? 
    where
        search_id=?
2023-03-24 10:53:27.816  INFO 53500 --- [ool-4-thread-24] c.z.b.a.s.service.BlogSearchService      : kakao api response = com.zetn333.blogsearchservice.api.search.dto.SearchBlogResponse@4d023b1b
Hibernate: 
    select
        searchstat0_.search_id as search_i1_0_,
        searchstat0_.create_datetime as create_d2_0_,
        searchstat0_.update_datetime as update_d3_0_,
        searchstat0_.last_search_datetime as last_sea4_0_,
        searchstat0_.search_count as search_c5_0_,
        searchstat0_.search_keyword as search_k6_0_ 
    from
        search_status searchstat0_ 
    where
        searchstat0_.search_keyword=? for update
            
2023-03-24 10:53:27.820  INFO 53500 --- [ool-4-thread-13] c.z.b.a.s.service.BlogSearchService      : searchStatusEntity before = SearchStatusEntity(searchId=2, searchKeyword=곽튜브, searchCount=19, lastSearchDateTime=2023-03-24T10:53:27.812134)
2023-03-24 10:53:27.820  INFO 53500 --- [ool-4-thread-13] c.z.b.a.s.service.BlogSearchService      : searchStatusEntity after = SearchStatusEntity(searchId=2, searchKeyword=곽튜브, searchCount=20, lastSearchDateTime=2023-03-24T10:53:27.820111700)
Hibernate: 
    update
        search_status 
    set
        update_datetime=?,
        last_search_datetime=?,
        search_count=?,
        search_keyword=? 
    where
        search_id=?
2023-03-24 10:53:27.827  INFO 53500 --- [ool-4-thread-17] c.z.b.a.s.service.BlogSearchService      : searchStatusEntity before = SearchStatusEntity(searchId=2, searchKeyword=곽튜브, searchCount=20, lastSearchDateTime=2023-03-24T10:53:27.820112)
2023-03-24 10:53:27.829  INFO 53500 --- [ool-4-thread-17] c.z.b.a.s.service.BlogSearchService      : searchStatusEntity after = SearchStatusEntity(searchId=2, searchKeyword=곽튜브, searchCount=21, lastSearchDateTime=2023-03-24T10:53:27.829088100)
2023-03-24 10:53:27.830  INFO 53500 --- [ool-4-thread-49] c.z.b.a.s.service.BlogSearchService      : kakao api response = com.zetn333.blogsearchservice.api.search.dto.SearchBlogResponse@abace41
Hibernate: 
    select
        searchstat0_.search_id as search_i1_0_,
        searchstat0_.create_datetime as create_d2_0_,
        searchstat0_.update_datetime as update_d3_0_,
        searchstat0_.last_search_datetime as last_sea4_0_,
        searchstat0_.search_count as search_c5_0_,
        searchstat0_.search_keyword as search_k6_0_ 
    from
        search_status searchstat0_ 
    where
        searchstat0_.search_keyword=? for update
            
Hibernate: 
    update
        search_status 
    set
        update_datetime=?,
        last_search_datetime=?,
        search_count=?,
        search_keyword=? 
    where
        search_id=?
2023-03-24 10:53:27.832  INFO 53500 --- [ool-4-thread-50] c.z.b.a.s.service.BlogSearchService      : kakao api response = com.zetn333.blogsearchservice.api.search.dto.SearchBlogResponse@6dcec3fa
Hibernate: 
    select
        searchstat0_.search_id as search_i1_0_,
        searchstat0_.create_datetime as create_d2_0_,
        searchstat0_.update_datetime as update_d3_0_,
        searchstat0_.last_search_datetime as last_sea4_0_,
        searchstat0_.search_count as search_c5_0_,
        searchstat0_.search_keyword as search_k6_0_ 
    from
        search_status searchstat0_ 
    where
        searchstat0_.search_keyword=? for update
            
2023-03-24 10:53:27.841  INFO 53500 --- [ool-4-thread-14] c.z.b.a.s.service.BlogSearchService      : searchStatusEntity before = SearchStatusEntity(searchId=2, searchKeyword=곽튜브, searchCount=21, lastSearchDateTime=2023-03-24T10:53:27.829088)
2023-03-24 10:53:27.842  INFO 53500 --- [ool-4-thread-14] c.z.b.a.s.service.BlogSearchService      : searchStatusEntity after = SearchStatusEntity(searchId=2, searchKeyword=곽튜브, searchCount=22, lastSearchDateTime=2023-03-24T10:53:27.842053500)
Hibernate: 
    update
        search_status 
    set
        update_datetime=?,
        last_search_datetime=?,
        search_count=?,
        search_keyword=? 
    where
        search_id=?
2023-03-24 10:53:27.846  INFO 53500 --- [ool-4-thread-50] c.z.b.a.s.service.BlogSearchService      : searchStatusEntity before = SearchStatusEntity(searchId=2, searchKeyword=곽튜브, searchCount=22, lastSearchDateTime=2023-03-24T10:53:27.842054)
2023-03-24 10:53:27.847  INFO 53500 --- [ool-4-thread-50] c.z.b.a.s.service.BlogSearchService      : searchStatusEntity after = SearchStatusEntity(searchId=2, searchKeyword=곽튜브, searchCount=23, lastSearchDateTime=2023-03-24T10:53:27.847040500)
Hibernate: 
    update
        search_status 
    set
        update_datetime=?,
        last_search_datetime=?,
        search_count=?,
        search_keyword=? 
    where
        search_id=?
2023-03-24 10:53:27.854  INFO 53500 --- [ool-4-thread-44] c.z.b.a.s.service.BlogSearchService      : kakao api response = com.zetn333.blogsearchservice.api.search.dto.SearchBlogResponse@ef5e1f
Hibernate: 
    select
        searchstat0_.search_id as search_i1_0_,
        searchstat0_.create_datetime as create_d2_0_,
        searchstat0_.update_datetime as update_d3_0_,
        searchstat0_.last_search_datetime as last_sea4_0_,
        searchstat0_.search_count as search_c5_0_,
        searchstat0_.search_keyword as search_k6_0_ 
    from
        search_status searchstat0_ 
    where
        searchstat0_.search_keyword=? for update
            
2023-03-24 10:53:27.856  INFO 53500 --- [ool-4-thread-44] c.z.b.a.s.service.BlogSearchService      : searchStatusEntity before = SearchStatusEntity(searchId=2, searchKeyword=곽튜브, searchCount=23, lastSearchDateTime=2023-03-24T10:53:27.847041)
2023-03-24 10:53:27.856  INFO 53500 --- [ool-4-thread-44] c.z.b.a.s.service.BlogSearchService      : searchStatusEntity after = SearchStatusEntity(searchId=2, searchKeyword=곽튜브, searchCount=24, lastSearchDateTime=2023-03-24T10:53:27.856015200)
Hibernate: 
    update
        search_status 
    set
        update_datetime=?,
        last_search_datetime=?,
        search_count=?,
        search_keyword=? 
    where
        search_id=?
2023-03-24 10:53:27.864  INFO 53500 --- [ool-4-thread-48] c.z.b.a.s.service.BlogSearchService      : kakao api response = com.zetn333.blogsearchservice.api.search.dto.SearchBlogResponse@4cc79156
2023-03-24 10:53:27.865  INFO 53500 --- [ool-4-thread-49] c.z.b.a.s.service.BlogSearchService      : searchStatusEntity before = SearchStatusEntity(searchId=2, searchKeyword=곽튜브, searchCount=24, lastSearchDateTime=2023-03-24T10:53:27.856015)
Hibernate: 
    select
        searchstat0_.search_id as search_i1_0_,
        searchstat0_.create_datetime as create_d2_0_,
        searchstat0_.update_datetime as update_d3_0_,
        searchstat0_.last_search_datetime as last_sea4_0_,
        searchstat0_.search_count as search_c5_0_,
        searchstat0_.search_keyword as search_k6_0_ 
    from
        search_status searchstat0_ 
    where
        searchstat0_.search_keyword=? for update
            
2023-03-24 10:53:27.865  INFO 53500 --- [ool-4-thread-49] c.z.b.a.s.service.BlogSearchService      : searchStatusEntity after = SearchStatusEntity(searchId=2, searchKeyword=곽튜브, searchCount=25, lastSearchDateTime=2023-03-24T10:53:27.865991100)
2023-03-24 10:53:27.864  INFO 53500 --- [ool-4-thread-47] c.z.b.a.s.service.BlogSearchService      : kakao api response = com.zetn333.blogsearchservice.api.search.dto.SearchBlogResponse@4c4d2407
2023-03-24 10:53:27.864  INFO 53500 --- [ool-4-thread-91] c.z.b.a.s.service.BlogSearchService      : kakao api response = com.zetn333.blogsearchservice.api.search.dto.SearchBlogResponse@107b5328
Hibernate: 
    select
        searchstat0_.search_id as search_i1_0_,
        searchstat0_.create_datetime as create_d2_0_,
        searchstat0_.update_datetime as update_d3_0_,
        searchstat0_.last_search_datetime as last_sea4_0_,
        searchstat0_.search_count as search_c5_0_,
        searchstat0_.search_keyword as search_k6_0_ 
    from
        search_status searchstat0_ 
    where
        searchstat0_.search_keyword=? for update
            
Hibernate: 
    update
        search_status 
    set
        update_datetime=?,
        last_search_datetime=?,
        search_count=?,
        search_keyword=? 
    where
        search_id=?
Hibernate: 
    select
        searchstat0_.search_id as search_i1_0_,
        searchstat0_.create_datetime as create_d2_0_,
        searchstat0_.update_datetime as update_d3_0_,
        searchstat0_.last_search_datetime as last_sea4_0_,
        searchstat0_.search_count as search_c5_0_,
        searchstat0_.search_keyword as search_k6_0_ 
    from
        search_status searchstat0_ 
    where
        searchstat0_.search_keyword=? for update
            
2023-03-24 10:53:27.873  INFO 53500 --- [ool-4-thread-47] c.z.b.a.s.service.BlogSearchService      : searchStatusEntity before = SearchStatusEntity(searchId=2, searchKeyword=곽튜브, searchCount=25, lastSearchDateTime=2023-03-24T10:53:27.865991)
2023-03-24 10:53:27.873  INFO 53500 --- [ool-4-thread-47] c.z.b.a.s.service.BlogSearchService      : searchStatusEntity after = SearchStatusEntity(searchId=2, searchKeyword=곽튜브, searchCount=26, lastSearchDateTime=2023-03-24T10:53:27.873968)
2023-03-24 10:53:27.874  INFO 53500 --- [ool-4-thread-42] c.z.b.a.s.service.BlogSearchService      : kakao api response = com.zetn333.blogsearchservice.api.search.dto.SearchBlogResponse@7635f1d8
Hibernate: 
    update
        search_status 
    set
        update_datetime=?,
        last_search_datetime=?,
        search_count=?,
        search_keyword=? 
    where
        search_id=?
Hibernate: 
    select
        searchstat0_.search_id as search_i1_0_,
        searchstat0_.create_datetime as create_d2_0_,
        searchstat0_.update_datetime as update_d3_0_,
        searchstat0_.last_search_datetime as last_sea4_0_,
        searchstat0_.search_count as search_c5_0_,
        searchstat0_.search_keyword as search_k6_0_ 
    from
        search_status searchstat0_ 
    where
        searchstat0_.search_keyword=? for update
            
2023-03-24 10:53:27.878  INFO 53500 --- [ool-4-thread-84] c.z.b.a.s.service.BlogSearchService      : kakao api response = com.zetn333.blogsearchservice.api.search.dto.SearchBlogResponse@6b636ffd
2023-03-24 10:53:27.879  INFO 53500 --- [ool-4-thread-48] c.z.b.a.s.service.BlogSearchService      : searchStatusEntity before = SearchStatusEntity(searchId=2, searchKeyword=곽튜브, searchCount=26, lastSearchDateTime=2023-03-24T10:53:27.873968)
2023-03-24 10:53:27.879  INFO 53500 --- [ool-4-thread-48] c.z.b.a.s.service.BlogSearchService      : searchStatusEntity after = SearchStatusEntity(searchId=2, searchKeyword=곽튜브, searchCount=27, lastSearchDateTime=2023-03-24T10:53:27.879952300)
Hibernate: 
    select
        searchstat0_.search_id as search_i1_0_,
        searchstat0_.create_datetime as create_d2_0_,
        searchstat0_.update_datetime as update_d3_0_,
        searchstat0_.last_search_datetime as last_sea4_0_,
        searchstat0_.search_count as search_c5_0_,
        searchstat0_.search_keyword as search_k6_0_ 
    from
        search_status searchstat0_ 
    where
        searchstat0_.search_keyword=? for update
            
Hibernate: 
    update
        search_status 
    set
        update_datetime=?,
        last_search_datetime=?,
        search_count=?,
        search_keyword=? 
    where
        search_id=?
2023-03-24 10:53:27.884  INFO 53500 --- [ool-4-thread-42] c.z.b.a.s.service.BlogSearchService      : searchStatusEntity before = SearchStatusEntity(searchId=2, searchKeyword=곽튜브, searchCount=27, lastSearchDateTime=2023-03-24T10:53:27.879952)
2023-03-24 10:53:27.886  INFO 53500 --- [ool-4-thread-42] c.z.b.a.s.service.BlogSearchService      : searchStatusEntity after = SearchStatusEntity(searchId=2, searchKeyword=곽튜브, searchCount=28, lastSearchDateTime=2023-03-24T10:53:27.886933400)
2023-03-24 10:53:27.887  INFO 53500 --- [ool-4-thread-41] c.z.b.a.s.service.BlogSearchService      : kakao api response = com.zetn333.blogsearchservice.api.search.dto.SearchBlogResponse@3a9d6cc8
Hibernate: 
    update
        search_status 
    set
        update_datetime=?,
        last_search_datetime=?,
        search_count=?,
        search_keyword=? 
    where
        search_id=?
Hibernate: 
    select
        searchstat0_.search_id as search_i1_0_,
        searchstat0_.create_datetime as create_d2_0_,
        searchstat0_.update_datetime as update_d3_0_,
        searchstat0_.last_search_datetime as last_sea4_0_,
        searchstat0_.search_count as search_c5_0_,
        searchstat0_.search_keyword as search_k6_0_ 
    from
        search_status searchstat0_ 
    where
        searchstat0_.search_keyword=? for update
            
2023-03-24 10:53:27.891  INFO 53500 --- [ool-4-thread-24] c.z.b.a.s.service.BlogSearchService      : searchStatusEntity before = SearchStatusEntity(searchId=2, searchKeyword=곽튜브, searchCount=28, lastSearchDateTime=2023-03-24T10:53:27.886933)
2023-03-24 10:53:27.892  INFO 53500 --- [ool-4-thread-24] c.z.b.a.s.service.BlogSearchService      : searchStatusEntity after = SearchStatusEntity(searchId=2, searchKeyword=곽튜브, searchCount=29, lastSearchDateTime=2023-03-24T10:53:27.892918200)
Hibernate: 
    update
        search_status 
    set
        update_datetime=?,
        last_search_datetime=?,
        search_count=?,
        search_keyword=? 
    where
        search_id=?
2023-03-24 10:53:27.898  INFO 53500 --- [ool-4-thread-22] c.z.b.a.s.service.BlogSearchService      : searchStatusEntity before = SearchStatusEntity(searchId=2, searchKeyword=곽튜브, searchCount=29, lastSearchDateTime=2023-03-24T10:53:27.892918)
2023-03-24 10:53:27.899  INFO 53500 --- [ool-4-thread-22] c.z.b.a.s.service.BlogSearchService      : searchStatusEntity after = SearchStatusEntity(searchId=2, searchKeyword=곽튜브, searchCount=30, lastSearchDateTime=2023-03-24T10:53:27.899900)
Hibernate: 
    update
        search_status 
    set
        update_datetime=?,
        last_search_datetime=?,
        search_count=?,
        search_keyword=? 
    where
        search_id=?
2023-03-24 10:53:27.919  INFO 53500 --- [ool-4-thread-38] c.z.b.a.s.service.BlogSearchService      : kakao api response = com.zetn333.blogsearchservice.api.search.dto.SearchBlogResponse@2913f435
Hibernate: 
    select
        searchstat0_.search_id as search_i1_0_,
        searchstat0_.create_datetime as create_d2_0_,
        searchstat0_.update_datetime as update_d3_0_,
        searchstat0_.last_search_datetime as last_sea4_0_,
        searchstat0_.search_count as search_c5_0_,
        searchstat0_.search_keyword as search_k6_0_ 
    from
        search_status searchstat0_ 
    where
        searchstat0_.search_keyword=? for update
            
2023-03-24 10:53:27.921  INFO 53500 --- [ool-4-thread-39] c.z.b.a.s.service.BlogSearchService      : kakao api response = com.zetn333.blogsearchservice.api.search.dto.SearchBlogResponse@63107c49
2023-03-24 10:53:27.922  INFO 53500 --- [ool-4-thread-40] c.z.b.a.s.service.BlogSearchService      : kakao api response = com.zetn333.blogsearchservice.api.search.dto.SearchBlogResponse@53cfe80c
Hibernate: 
    select
        searchstat0_.search_id as search_i1_0_,
        searchstat0_.create_datetime as create_d2_0_,
        searchstat0_.update_datetime as update_d3_0_,
        searchstat0_.last_search_datetime as last_sea4_0_,
        searchstat0_.search_count as search_c5_0_,
        searchstat0_.search_keyword as search_k6_0_ 
    from
        search_status searchstat0_ 
    where
        searchstat0_.search_keyword=? for update
            
Hibernate: 
    select
        searchstat0_.search_id as search_i1_0_,
        searchstat0_.create_datetime as create_d2_0_,
        searchstat0_.update_datetime as update_d3_0_,
        searchstat0_.last_search_datetime as last_sea4_0_,
        searchstat0_.search_count as search_c5_0_,
        searchstat0_.search_keyword as search_k6_0_ 
    from
        search_status searchstat0_ 
    where
        searchstat0_.search_keyword=? for update
            
2023-03-24 10:53:27.921  INFO 53500 --- [ool-4-thread-36] c.z.b.a.s.service.BlogSearchService      : kakao api response = com.zetn333.blogsearchservice.api.search.dto.SearchBlogResponse@45980fc6
Hibernate: 
    select
        searchstat0_.search_id as search_i1_0_,
        searchstat0_.create_datetime as create_d2_0_,
        searchstat0_.update_datetime as update_d3_0_,
        searchstat0_.last_search_datetime as last_sea4_0_,
        searchstat0_.search_count as search_c5_0_,
        searchstat0_.search_keyword as search_k6_0_ 
    from
        search_status searchstat0_ 
    where
        searchstat0_.search_keyword=? for update
            
2023-03-24 10:53:27.926  INFO 53500 --- [ool-4-thread-84] c.z.b.a.s.service.BlogSearchService      : searchStatusEntity before = SearchStatusEntity(searchId=2, searchKeyword=곽튜브, searchCount=30, lastSearchDateTime=2023-03-24T10:53:27.899900)
2023-03-24 10:53:27.926  INFO 53500 --- [ool-4-thread-84] c.z.b.a.s.service.BlogSearchService      : searchStatusEntity after = SearchStatusEntity(searchId=2, searchKeyword=곽튜브, searchCount=31, lastSearchDateTime=2023-03-24T10:53:27.926826500)
Hibernate: 
    update
        search_status 
    set
        update_datetime=?,
        last_search_datetime=?,
        search_count=?,
        search_keyword=? 
    where
        search_id=?
2023-03-24 10:53:27.931  INFO 53500 --- [ool-4-thread-36] c.z.b.a.s.service.BlogSearchService      : searchStatusEntity before = SearchStatusEntity(searchId=2, searchKeyword=곽튜브, searchCount=31, lastSearchDateTime=2023-03-24T10:53:27.926827)
2023-03-24 10:53:27.931  INFO 53500 --- [ool-4-thread-36] c.z.b.a.s.service.BlogSearchService      : searchStatusEntity after = SearchStatusEntity(searchId=2, searchKeyword=곽튜브, searchCount=32, lastSearchDateTime=2023-03-24T10:53:27.931813900)
Hibernate: 
    update
        search_status 
    set
        update_datetime=?,
        last_search_datetime=?,
        search_count=?,
        search_keyword=? 
    where
        search_id=?
2023-03-24 10:53:27.935  INFO 53500 --- [ool-4-thread-91] c.z.b.a.s.service.BlogSearchService      : searchStatusEntity before = SearchStatusEntity(searchId=2, searchKeyword=곽튜브, searchCount=32, lastSearchDateTime=2023-03-24T10:53:27.931814)
2023-03-24 10:53:27.935  INFO 53500 --- [ool-4-thread-91] c.z.b.a.s.service.BlogSearchService      : searchStatusEntity after = SearchStatusEntity(searchId=2, searchKeyword=곽튜브, searchCount=33, lastSearchDateTime=2023-03-24T10:53:27.935802900)
Hibernate: 
    update
        search_status 
    set
        update_datetime=?,
        last_search_datetime=?,
        search_count=?,
        search_keyword=? 
    where
        search_id=?
2023-03-24 10:53:27.940  INFO 53500 --- [ool-4-thread-41] c.z.b.a.s.service.BlogSearchService      : searchStatusEntity before = SearchStatusEntity(searchId=2, searchKeyword=곽튜브, searchCount=33, lastSearchDateTime=2023-03-24T10:53:27.935803)
2023-03-24 10:53:27.940  INFO 53500 --- [ool-4-thread-41] c.z.b.a.s.service.BlogSearchService      : searchStatusEntity after = SearchStatusEntity(searchId=2, searchKeyword=곽튜브, searchCount=34, lastSearchDateTime=2023-03-24T10:53:27.940790)
2023-03-24 10:53:27.946  INFO 53500 --- [ool-4-thread-37] c.z.b.a.s.service.BlogSearchService      : kakao api response = com.zetn333.blogsearchservice.api.search.dto.SearchBlogResponse@779ecf43
2023-03-24 10:53:27.946  INFO 53500 --- [ool-4-thread-35] c.z.b.a.s.service.BlogSearchService      : kakao api response = com.zetn333.blogsearchservice.api.search.dto.SearchBlogResponse@6fef19c0
Hibernate: 
    update
        search_status 
    set
        update_datetime=?,
        last_search_datetime=?,
        search_count=?,
        search_keyword=? 
    where
        search_id=?
Hibernate: 
    select
        searchstat0_.search_id as search_i1_0_,
        searchstat0_.create_datetime as create_d2_0_,
        searchstat0_.update_datetime as update_d3_0_,
        searchstat0_.last_search_datetime as last_sea4_0_,
        searchstat0_.search_count as search_c5_0_,
        searchstat0_.search_keyword as search_k6_0_ 
    from
        search_status searchstat0_ 
    where
        searchstat0_.search_keyword=? for update
            
Hibernate: 
    select
        searchstat0_.search_id as search_i1_0_,
        searchstat0_.create_datetime as create_d2_0_,
        searchstat0_.update_datetime as update_d3_0_,
        searchstat0_.last_search_datetime as last_sea4_0_,
        searchstat0_.search_count as search_c5_0_,
        searchstat0_.search_keyword as search_k6_0_ 
    from
        search_status searchstat0_ 
    where
        searchstat0_.search_keyword=? for update
            
2023-03-24 10:53:27.949  INFO 53500 --- [ool-4-thread-12] c.z.b.a.s.service.BlogSearchService      : searchStatusEntity before = SearchStatusEntity(searchId=2, searchKeyword=곽튜브, searchCount=34, lastSearchDateTime=2023-03-24T10:53:27.940790)
2023-03-24 10:53:27.950  INFO 53500 --- [ool-4-thread-12] c.z.b.a.s.service.BlogSearchService      : searchStatusEntity after = SearchStatusEntity(searchId=2, searchKeyword=곽튜브, searchCount=35, lastSearchDateTime=2023-03-24T10:53:27.950762500)
Hibernate: 
    update
        search_status 
    set
        update_datetime=?,
        last_search_datetime=?,
        search_count=?,
        search_keyword=? 
    where
        search_id=?
2023-03-24 10:53:27.954  INFO 53500 --- [ool-4-thread-33] c.z.b.a.s.service.BlogSearchService      : kakao api response = com.zetn333.blogsearchservice.api.search.dto.SearchBlogResponse@28eea99c
2023-03-24 10:53:27.955  INFO 53500 --- [ool-4-thread-35] c.z.b.a.s.service.BlogSearchService      : searchStatusEntity before = SearchStatusEntity(searchId=2, searchKeyword=곽튜브, searchCount=35, lastSearchDateTime=2023-03-24T10:53:27.950763)
2023-03-24 10:53:27.955  INFO 53500 --- [ool-4-thread-35] c.z.b.a.s.service.BlogSearchService      : searchStatusEntity after = SearchStatusEntity(searchId=2, searchKeyword=곽튜브, searchCount=36, lastSearchDateTime=2023-03-24T10:53:27.955768700)
Hibernate: 
    select
        searchstat0_.search_id as search_i1_0_,
        searchstat0_.create_datetime as create_d2_0_,
        searchstat0_.update_datetime as update_d3_0_,
        searchstat0_.last_search_datetime as last_sea4_0_,
        searchstat0_.search_count as search_c5_0_,
        searchstat0_.search_keyword as search_k6_0_ 
    from
        search_status searchstat0_ 
    where
        searchstat0_.search_keyword=? for update
            
Hibernate: 
    update
        search_status 
    set
        update_datetime=?,
        last_search_datetime=?,
        search_count=?,
        search_keyword=? 
    where
        search_id=?
2023-03-24 10:53:27.960  INFO 53500 --- [ool-4-thread-40] c.z.b.a.s.service.BlogSearchService      : searchStatusEntity before = SearchStatusEntity(searchId=2, searchKeyword=곽튜브, searchCount=36, lastSearchDateTime=2023-03-24T10:53:27.955769)
2023-03-24 10:53:27.960  INFO 53500 --- [ool-4-thread-40] c.z.b.a.s.service.BlogSearchService      : searchStatusEntity after = SearchStatusEntity(searchId=2, searchKeyword=곽튜브, searchCount=37, lastSearchDateTime=2023-03-24T10:53:27.960737100)
2023-03-24 10:53:27.961  INFO 53500 --- [ool-4-thread-34] c.z.b.a.s.service.BlogSearchService      : kakao api response = com.zetn333.blogsearchservice.api.search.dto.SearchBlogResponse@437514bc
Hibernate: 
    update
        search_status 
    set
        update_datetime=?,
        last_search_datetime=?,
        search_count=?,
        search_keyword=? 
    where
        search_id=?
Hibernate: 
    select
        searchstat0_.search_id as search_i1_0_,
        searchstat0_.create_datetime as create_d2_0_,
        searchstat0_.update_datetime as update_d3_0_,
        searchstat0_.last_search_datetime as last_sea4_0_,
        searchstat0_.search_count as search_c5_0_,
        searchstat0_.search_keyword as search_k6_0_ 
    from
        search_status searchstat0_ 
    where
        searchstat0_.search_keyword=? for update
            
2023-03-24 10:53:27.965  INFO 53500 --- [ool-4-thread-32] c.z.b.a.s.service.BlogSearchService      : kakao api response = com.zetn333.blogsearchservice.api.search.dto.SearchBlogResponse@39b5fca2
Hibernate: 
    select
        searchstat0_.search_id as search_i1_0_,
        searchstat0_.create_datetime as create_d2_0_,
        searchstat0_.update_datetime as update_d3_0_,
        searchstat0_.last_search_datetime as last_sea4_0_,
        searchstat0_.search_count as search_c5_0_,
        searchstat0_.search_keyword as search_k6_0_ 
    from
        search_status searchstat0_ 
    where
        searchstat0_.search_keyword=? for update
            
2023-03-24 10:53:27.967  INFO 53500 --- [ool-4-thread-38] c.z.b.a.s.service.BlogSearchService      : searchStatusEntity before = SearchStatusEntity(searchId=2, searchKeyword=곽튜브, searchCount=37, lastSearchDateTime=2023-03-24T10:53:27.960737)
2023-03-24 10:53:27.968  INFO 53500 --- [ool-4-thread-38] c.z.b.a.s.service.BlogSearchService      : searchStatusEntity after = SearchStatusEntity(searchId=2, searchKeyword=곽튜브, searchCount=38, lastSearchDateTime=2023-03-24T10:53:27.968716)
Hibernate: 
    update
        search_status 
    set
        update_datetime=?,
        last_search_datetime=?,
        search_count=?,
        search_keyword=? 
    where
        search_id=?
2023-03-24 10:53:27.973  INFO 53500 --- [ool-4-thread-33] c.z.b.a.s.service.BlogSearchService      : searchStatusEntity before = SearchStatusEntity(searchId=2, searchKeyword=곽튜브, searchCount=38, lastSearchDateTime=2023-03-24T10:53:27.968716)
2023-03-24 10:53:27.973  INFO 53500 --- [ool-4-thread-33] c.z.b.a.s.service.BlogSearchService      : searchStatusEntity after = SearchStatusEntity(searchId=2, searchKeyword=곽튜브, searchCount=39, lastSearchDateTime=2023-03-24T10:53:27.973701200)
Hibernate: 
    update
        search_status 
    set
        update_datetime=?,
        last_search_datetime=?,
        search_count=?,
        search_keyword=? 
    where
        search_id=?
2023-03-24 10:53:27.978  INFO 53500 --- [ool-4-thread-37] c.z.b.a.s.service.BlogSearchService      : searchStatusEntity before = SearchStatusEntity(searchId=2, searchKeyword=곽튜브, searchCount=39, lastSearchDateTime=2023-03-24T10:53:27.973701)
2023-03-24 10:53:27.978  INFO 53500 --- [ool-4-thread-37] c.z.b.a.s.service.BlogSearchService      : searchStatusEntity after = SearchStatusEntity(searchId=2, searchKeyword=곽튜브, searchCount=40, lastSearchDateTime=2023-03-24T10:53:27.978688200)
Hibernate: 
    update
        search_status 
    set
        update_datetime=?,
        last_search_datetime=?,
        search_count=?,
        search_keyword=? 
    where
        search_id=?
2023-03-24 10:53:27.983  INFO 53500 --- [ool-4-thread-31] c.z.b.a.s.service.BlogSearchService      : kakao api response = com.zetn333.blogsearchservice.api.search.dto.SearchBlogResponse@1afea041
2023-03-24 10:53:27.983  INFO 53500 --- [ool-4-thread-30] c.z.b.a.s.service.BlogSearchService      : kakao api response = com.zetn333.blogsearchservice.api.search.dto.SearchBlogResponse@9f06a32
2023-03-24 10:53:27.983  INFO 53500 --- [ool-4-thread-28] c.z.b.a.s.service.BlogSearchService      : kakao api response = com.zetn333.blogsearchservice.api.search.dto.SearchBlogResponse@3a897e43
Hibernate: 
    select
        searchstat0_.search_id as search_i1_0_,
        searchstat0_.create_datetime as create_d2_0_,
        searchstat0_.update_datetime as update_d3_0_,
        searchstat0_.last_search_datetime as last_sea4_0_,
        searchstat0_.search_count as search_c5_0_,
        searchstat0_.search_keyword as search_k6_0_ 
    from
        search_status searchstat0_ 
    where
        searchstat0_.search_keyword=? for update
            
Hibernate: 
    select
        searchstat0_.search_id as search_i1_0_,
        searchstat0_.create_datetime as create_d2_0_,
        searchstat0_.update_datetime as update_d3_0_,
        searchstat0_.last_search_datetime as last_sea4_0_,
        searchstat0_.search_count as search_c5_0_,
        searchstat0_.search_keyword as search_k6_0_ 
    from
        search_status searchstat0_ 
    where
        searchstat0_.search_keyword=? for update
            
2023-03-24 10:53:27.985  INFO 53500 --- [ool-4-thread-31] c.z.b.a.s.service.BlogSearchService      : searchStatusEntity before = SearchStatusEntity(searchId=2, searchKeyword=곽튜브, searchCount=40, lastSearchDateTime=2023-03-24T10:53:27.978688)
2023-03-24 10:53:27.986  INFO 53500 --- [ool-4-thread-31] c.z.b.a.s.service.BlogSearchService      : searchStatusEntity after = SearchStatusEntity(searchId=2, searchKeyword=곽튜브, searchCount=41, lastSearchDateTime=2023-03-24T10:53:27.986668200)
Hibernate: 
    select
        searchstat0_.search_id as search_i1_0_,
        searchstat0_.create_datetime as create_d2_0_,
        searchstat0_.update_datetime as update_d3_0_,
        searchstat0_.last_search_datetime as last_sea4_0_,
        searchstat0_.search_count as search_c5_0_,
        searchstat0_.search_keyword as search_k6_0_ 
    from
        search_status searchstat0_ 
    where
        searchstat0_.search_keyword=? for update
            
Hibernate: 
    update
        search_status 
    set
        update_datetime=?,
        last_search_datetime=?,
        search_count=?,
        search_keyword=? 
    where
        search_id=?
2023-03-24 10:53:27.991  INFO 53500 --- [ool-4-thread-29] c.z.b.a.s.service.BlogSearchService      : kakao api response = com.zetn333.blogsearchservice.api.search.dto.SearchBlogResponse@de05185
Hibernate: 
    select
        searchstat0_.search_id as search_i1_0_,
        searchstat0_.create_datetime as create_d2_0_,
        searchstat0_.update_datetime as update_d3_0_,
        searchstat0_.last_search_datetime as last_sea4_0_,
        searchstat0_.search_count as search_c5_0_,
        searchstat0_.search_keyword as search_k6_0_ 
    from
        search_status searchstat0_ 
    where
        searchstat0_.search_keyword=? for update
            
2023-03-24 10:53:27.996  INFO 53500 --- [ool-4-thread-30] c.z.b.a.s.service.BlogSearchService      : searchStatusEntity before = SearchStatusEntity(searchId=2, searchKeyword=곽튜브, searchCount=41, lastSearchDateTime=2023-03-24T10:53:27.986668)
2023-03-24 10:53:27.996  INFO 53500 --- [ool-4-thread-30] c.z.b.a.s.service.BlogSearchService      : searchStatusEntity after = SearchStatusEntity(searchId=2, searchKeyword=곽튜브, searchCount=42, lastSearchDateTime=2023-03-24T10:53:27.996639700)
Hibernate: 
    update
        search_status 
    set
        update_datetime=?,
        last_search_datetime=?,
        search_count=?,
        search_keyword=? 
    where
        search_id=?
2023-03-24 10:53:28.007  INFO 53500 --- [ool-4-thread-26] c.z.b.a.s.service.BlogSearchService      : kakao api response = com.zetn333.blogsearchservice.api.search.dto.SearchBlogResponse@3538121d
Hibernate: 
    select
        searchstat0_.search_id as search_i1_0_,
        searchstat0_.create_datetime as create_d2_0_,
        searchstat0_.update_datetime as update_d3_0_,
        searchstat0_.last_search_datetime as last_sea4_0_,
        searchstat0_.search_count as search_c5_0_,
        searchstat0_.search_keyword as search_k6_0_ 
    from
        search_status searchstat0_ 
    where
        searchstat0_.search_keyword=? for update
            
2023-03-24 10:53:28.008  INFO 53500 --- [ool-4-thread-25] c.z.b.a.s.service.BlogSearchService      : kakao api response = com.zetn333.blogsearchservice.api.search.dto.SearchBlogResponse@1c8fedc0
Hibernate: 
    select
        searchstat0_.search_id as search_i1_0_,
        searchstat0_.create_datetime as create_d2_0_,
        searchstat0_.update_datetime as update_d3_0_,
        searchstat0_.last_search_datetime as last_sea4_0_,
        searchstat0_.search_count as search_c5_0_,
        searchstat0_.search_keyword as search_k6_0_ 
    from
        search_status searchstat0_ 
    where
        searchstat0_.search_keyword=? for update
            
2023-03-24 10:53:28.014  INFO 53500 --- [ool-4-thread-27] c.z.b.a.s.service.BlogSearchService      : kakao api response = com.zetn333.blogsearchservice.api.search.dto.SearchBlogResponse@70d67389
Hibernate: 
    select
        searchstat0_.search_id as search_i1_0_,
        searchstat0_.create_datetime as create_d2_0_,
        searchstat0_.update_datetime as update_d3_0_,
        searchstat0_.last_search_datetime as last_sea4_0_,
        searchstat0_.search_count as search_c5_0_,
        searchstat0_.search_keyword as search_k6_0_ 
    from
        search_status searchstat0_ 
    where
        searchstat0_.search_keyword=? for update
            
2023-03-24 10:53:28.016  INFO 53500 --- [ool-4-thread-29] c.z.b.a.s.service.BlogSearchService      : searchStatusEntity before = SearchStatusEntity(searchId=2, searchKeyword=곽튜브, searchCount=42, lastSearchDateTime=2023-03-24T10:53:27.996640)
2023-03-24 10:53:28.019  INFO 53500 --- [ool-4-thread-29] c.z.b.a.s.service.BlogSearchService      : searchStatusEntity after = SearchStatusEntity(searchId=2, searchKeyword=곽튜브, searchCount=43, lastSearchDateTime=2023-03-24T10:53:28.019577600)
Hibernate: 
    update
        search_status 
    set
        update_datetime=?,
        last_search_datetime=?,
        search_count=?,
        search_keyword=? 
    where
        search_id=?
2023-03-24 10:53:28.024  INFO 53500 --- [ool-4-thread-27] c.z.b.a.s.service.BlogSearchService      : searchStatusEntity before = SearchStatusEntity(searchId=2, searchKeyword=곽튜브, searchCount=43, lastSearchDateTime=2023-03-24T10:53:28.019578)
2023-03-24 10:53:28.025  INFO 53500 --- [ool-4-thread-27] c.z.b.a.s.service.BlogSearchService      : searchStatusEntity after = SearchStatusEntity(searchId=2, searchKeyword=곽튜브, searchCount=44, lastSearchDateTime=2023-03-24T10:53:28.024565400)
Hibernate: 
    update
        search_status 
    set
        update_datetime=?,
        last_search_datetime=?,
        search_count=?,
        search_keyword=? 
    where
        search_id=?
2023-03-24 10:53:28.028  INFO 53500 --- [ool-4-thread-45] c.z.b.a.s.service.BlogSearchService      : kakao api response = com.zetn333.blogsearchservice.api.search.dto.SearchBlogResponse@66947c89
Hibernate: 
    select
        searchstat0_.search_id as search_i1_0_,
        searchstat0_.create_datetime as create_d2_0_,
        searchstat0_.update_datetime as update_d3_0_,
        searchstat0_.last_search_datetime as last_sea4_0_,
        searchstat0_.search_count as search_c5_0_,
        searchstat0_.search_keyword as search_k6_0_ 
    from
        search_status searchstat0_ 
    where
        searchstat0_.search_keyword=? for update
            
2023-03-24 10:53:28.031  INFO 53500 --- [ool-4-thread-32] c.z.b.a.s.service.BlogSearchService      : searchStatusEntity before = SearchStatusEntity(searchId=2, searchKeyword=곽튜브, searchCount=44, lastSearchDateTime=2023-03-24T10:53:28.024565)
2023-03-24 10:53:28.031  INFO 53500 --- [ool-4-thread-32] c.z.b.a.s.service.BlogSearchService      : searchStatusEntity after = SearchStatusEntity(searchId=2, searchKeyword=곽튜브, searchCount=45, lastSearchDateTime=2023-03-24T10:53:28.031547100)
Hibernate: 
    update
        search_status 
    set
        update_datetime=?,
        last_search_datetime=?,
        search_count=?,
        search_keyword=? 
    where
        search_id=?
2023-03-24 10:53:28.036  INFO 53500 --- [ool-4-thread-45] c.z.b.a.s.service.BlogSearchService      : searchStatusEntity before = SearchStatusEntity(searchId=2, searchKeyword=곽튜브, searchCount=45, lastSearchDateTime=2023-03-24T10:53:28.031547)
2023-03-24 10:53:28.037  INFO 53500 --- [ool-4-thread-45] c.z.b.a.s.service.BlogSearchService      : searchStatusEntity after = SearchStatusEntity(searchId=2, searchKeyword=곽튜브, searchCount=46, lastSearchDateTime=2023-03-24T10:53:28.036532800)
Hibernate: 
    update
        search_status 
    set
        update_datetime=?,
        last_search_datetime=?,
        search_count=?,
        search_keyword=? 
    where
        search_id=?
2023-03-24 10:53:28.042  INFO 53500 --- [ool-4-thread-25] c.z.b.a.s.service.BlogSearchService      : searchStatusEntity before = SearchStatusEntity(searchId=2, searchKeyword=곽튜브, searchCount=46, lastSearchDateTime=2023-03-24T10:53:28.036533)
2023-03-24 10:53:28.043  INFO 53500 --- [ool-4-thread-25] c.z.b.a.s.service.BlogSearchService      : searchStatusEntity after = SearchStatusEntity(searchId=2, searchKeyword=곽튜브, searchCount=47, lastSearchDateTime=2023-03-24T10:53:28.043514700)
2023-03-24 10:53:28.043  INFO 53500 --- [ool-4-thread-99] c.z.b.a.s.service.BlogSearchService      : kakao api response = com.zetn333.blogsearchservice.api.search.dto.SearchBlogResponse@4956444d
Hibernate: 
    select
        searchstat0_.search_id as search_i1_0_,
        searchstat0_.create_datetime as create_d2_0_,
        searchstat0_.update_datetime as update_d3_0_,
        searchstat0_.last_search_datetime as last_sea4_0_,
        searchstat0_.search_count as search_c5_0_,
        searchstat0_.search_keyword as search_k6_0_ 
    from
        search_status searchstat0_ 
    where
        searchstat0_.search_keyword=? for update
            
Hibernate: 
    update
        search_status 
    set
        update_datetime=?,
        last_search_datetime=?,
        search_count=?,
        search_keyword=? 
    where
        search_id=?
2023-03-24 10:53:28.048  INFO 53500 --- [ool-4-thread-34] c.z.b.a.s.service.BlogSearchService      : searchStatusEntity before = SearchStatusEntity(searchId=2, searchKeyword=곽튜브, searchCount=47, lastSearchDateTime=2023-03-24T10:53:28.043515)
2023-03-24 10:53:28.049  INFO 53500 --- [ool-4-thread-34] c.z.b.a.s.service.BlogSearchService      : searchStatusEntity after = SearchStatusEntity(searchId=2, searchKeyword=곽튜브, searchCount=48, lastSearchDateTime=2023-03-24T10:53:28.049498700)
2023-03-24 10:53:28.050  INFO 53500 --- [ol-4-thread-100] c.z.b.a.s.service.BlogSearchService      : kakao api response = com.zetn333.blogsearchservice.api.search.dto.SearchBlogResponse@4e4c4d2c
Hibernate: 
    update
        search_status 
    set
        update_datetime=?,
        last_search_datetime=?,
        search_count=?,
        search_keyword=? 
    where
        search_id=?
Hibernate: 
    select
        searchstat0_.search_id as search_i1_0_,
        searchstat0_.create_datetime as create_d2_0_,
        searchstat0_.update_datetime as update_d3_0_,
        searchstat0_.last_search_datetime as last_sea4_0_,
        searchstat0_.search_count as search_c5_0_,
        searchstat0_.search_keyword as search_k6_0_ 
    from
        search_status searchstat0_ 
    where
        searchstat0_.search_keyword=? for update
            
2023-03-24 10:53:28.054  INFO 53500 --- [ool-4-thread-28] c.z.b.a.s.service.BlogSearchService      : searchStatusEntity before = SearchStatusEntity(searchId=2, searchKeyword=곽튜브, searchCount=48, lastSearchDateTime=2023-03-24T10:53:28.049499)
2023-03-24 10:53:28.055  INFO 53500 --- [ool-4-thread-28] c.z.b.a.s.service.BlogSearchService      : searchStatusEntity after = SearchStatusEntity(searchId=2, searchKeyword=곽튜브, searchCount=49, lastSearchDateTime=2023-03-24T10:53:28.055482600)
2023-03-24 10:53:28.056  INFO 53500 --- [ool-4-thread-98] c.z.b.a.s.service.BlogSearchService      : kakao api response = com.zetn333.blogsearchservice.api.search.dto.SearchBlogResponse@34c018d8
Hibernate: 
    update
        search_status 
    set
        update_datetime=?,
        last_search_datetime=?,
        search_count=?,
        search_keyword=? 
    where
        search_id=?
2023-03-24 10:53:28.060  INFO 53500 --- [ool-4-thread-26] c.z.b.a.s.service.BlogSearchService      : searchStatusEntity before = SearchStatusEntity(searchId=2, searchKeyword=곽튜브, searchCount=49, lastSearchDateTime=2023-03-24T10:53:28.055483)
2023-03-24 10:53:28.062  INFO 53500 --- [ool-4-thread-26] c.z.b.a.s.service.BlogSearchService      : searchStatusEntity after = SearchStatusEntity(searchId=2, searchKeyword=곽튜브, searchCount=50, lastSearchDateTime=2023-03-24T10:53:28.061467200)
Hibernate: 
    select
        searchstat0_.search_id as search_i1_0_,
        searchstat0_.create_datetime as create_d2_0_,
        searchstat0_.update_datetime as update_d3_0_,
        searchstat0_.last_search_datetime as last_sea4_0_,
        searchstat0_.search_count as search_c5_0_,
        searchstat0_.search_keyword as search_k6_0_ 
    from
        search_status searchstat0_ 
    where
        searchstat0_.search_keyword=? for update
            
Hibernate: 
    update
        search_status 
    set
        update_datetime=?,
        last_search_datetime=?,
        search_count=?,
        search_keyword=? 
    where
        search_id=?
2023-03-24 10:53:28.064  INFO 53500 --- [ool-4-thread-97] c.z.b.a.s.service.BlogSearchService      : kakao api response = com.zetn333.blogsearchservice.api.search.dto.SearchBlogResponse@53f953ff
Hibernate: 
    select
        searchstat0_.search_id as search_i1_0_,
        searchstat0_.create_datetime as create_d2_0_,
        searchstat0_.update_datetime as update_d3_0_,
        searchstat0_.last_search_datetime as last_sea4_0_,
        searchstat0_.search_count as search_c5_0_,
        searchstat0_.search_keyword as search_k6_0_ 
    from
        search_status searchstat0_ 
    where
        searchstat0_.search_keyword=? for update
            
2023-03-24 10:53:28.068  INFO 53500 --- [ool-4-thread-96] c.z.b.a.s.service.BlogSearchService      : kakao api response = com.zetn333.blogsearchservice.api.search.dto.SearchBlogResponse@37db4a11
Hibernate: 
    select
        searchstat0_.search_id as search_i1_0_,
        searchstat0_.create_datetime as create_d2_0_,
        searchstat0_.update_datetime as update_d3_0_,
        searchstat0_.last_search_datetime as last_sea4_0_,
        searchstat0_.search_count as search_c5_0_,
        searchstat0_.search_keyword as search_k6_0_ 
    from
        search_status searchstat0_ 
    where
        searchstat0_.search_keyword=? for update
            
2023-03-24 10:53:28.070  INFO 53500 --- [ol-4-thread-100] c.z.b.a.s.service.BlogSearchService      : searchStatusEntity before = SearchStatusEntity(searchId=2, searchKeyword=곽튜브, searchCount=50, lastSearchDateTime=2023-03-24T10:53:28.061467)
2023-03-24 10:53:28.070  INFO 53500 --- [ol-4-thread-100] c.z.b.a.s.service.BlogSearchService      : searchStatusEntity after = SearchStatusEntity(searchId=2, searchKeyword=곽튜브, searchCount=51, lastSearchDateTime=2023-03-24T10:53:28.070441900)
Hibernate: 
    update
        search_status 
    set
        update_datetime=?,
        last_search_datetime=?,
        search_count=?,
        search_keyword=? 
    where
        search_id=?
2023-03-24 10:53:28.075  INFO 53500 --- [ool-4-thread-99] c.z.b.a.s.service.BlogSearchService      : searchStatusEntity before = SearchStatusEntity(searchId=2, searchKeyword=곽튜브, searchCount=51, lastSearchDateTime=2023-03-24T10:53:28.070442)
2023-03-24 10:53:28.075  INFO 53500 --- [ool-4-thread-99] c.z.b.a.s.service.BlogSearchService      : searchStatusEntity after = SearchStatusEntity(searchId=2, searchKeyword=곽튜브, searchCount=52, lastSearchDateTime=2023-03-24T10:53:28.075428900)
Hibernate: 
    update
        search_status 
    set
        update_datetime=?,
        last_search_datetime=?,
2023-03-24 10:53:28.080  INFO 53500 --- [ool-4-thread-95] c.z.b.a.s.service.BlogSearchService      : kakao api response = com.zetn333.blogsearchservice.api.search.dto.SearchBlogResponse@507f1218
        search_count=?,
        search_keyword=? 
    where
        search_id=?
Hibernate: 
    select
        searchstat0_.search_id as search_i1_0_,
        searchstat0_.create_datetime as create_d2_0_,
        searchstat0_.update_datetime as update_d3_0_,
        searchstat0_.last_search_datetime as last_sea4_0_,
        searchstat0_.search_count as search_c5_0_,
        searchstat0_.search_keyword as search_k6_0_ 
    from
        search_status searchstat0_ 
    where
        searchstat0_.search_keyword=? for update
            
2023-03-24 10:53:28.083  INFO 53500 --- [ool-4-thread-95] c.z.b.a.s.service.BlogSearchService      : searchStatusEntity before = SearchStatusEntity(searchId=2, searchKeyword=곽튜브, searchCount=52, lastSearchDateTime=2023-03-24T10:53:28.075429)
2023-03-24 10:53:28.084  INFO 53500 --- [ool-4-thread-95] c.z.b.a.s.service.BlogSearchService      : searchStatusEntity after = SearchStatusEntity(searchId=2, searchKeyword=곽튜브, searchCount=53, lastSearchDateTime=2023-03-24T10:53:28.084405900)
2023-03-24 10:53:28.085  INFO 53500 --- [ool-4-thread-94] c.z.b.a.s.service.BlogSearchService      : kakao api response = com.zetn333.blogsearchservice.api.search.dto.SearchBlogResponse@442ff551
Hibernate: 
    update
        search_status 
    set
        update_datetime=?,
        last_search_datetime=?,
        search_count=?,
        search_keyword=? 
    where
        search_id=?
Hibernate: 
    select
        searchstat0_.search_id as search_i1_0_,
        searchstat0_.create_datetime as create_d2_0_,
        searchstat0_.update_datetime as update_d3_0_,
        searchstat0_.last_search_datetime as last_sea4_0_,
        searchstat0_.search_count as search_c5_0_,
        searchstat0_.search_keyword as search_k6_0_ 
    from
        search_status searchstat0_ 
    where
        searchstat0_.search_keyword=? for update
            
2023-03-24 10:53:28.089  INFO 53500 --- [ool-4-thread-93] c.z.b.a.s.service.BlogSearchService      : kakao api response = com.zetn333.blogsearchservice.api.search.dto.SearchBlogResponse@d51b090
Hibernate: 
    select
        searchstat0_.search_id as search_i1_0_,
        searchstat0_.create_datetime as create_d2_0_,
        searchstat0_.update_datetime as update_d3_0_,
        searchstat0_.last_search_datetime as last_sea4_0_,
        searchstat0_.search_count as search_c5_0_,
        searchstat0_.search_keyword as search_k6_0_ 
    from
        search_status searchstat0_ 
    where
        searchstat0_.search_keyword=? for update
            
[...]
        search_keyword=? 
    where
        search_id=?
Hibernate: 
    select
        searchstat0_.search_id as search_i1_0_,
        searchstat0_.create_datetime as create_d2_0_,
        searchstat0_.update_datetime as update_d3_0_,
        searchstat0_.last_search_datetime as last_sea4_0_,
        searchstat0_.search_count as search_c5_0_,
        searchstat0_.search_keyword as search_k6_0_ 
    from
        search_status searchstat0_ 
    where
        searchstat0_.search_keyword=? for update
            
2023-03-24 10:53:29.988  INFO 53500 --- [ool-6-thread-84] c.z.b.a.s.service.BlogSearchService      : searchStatusEntity before = SearchStatusEntity(searchId=4, searchKeyword=아이유, searchCount=85, lastSearchDateTime=2023-03-24T10:53:29.985321)
2023-03-24 10:53:29.989  INFO 53500 --- [ool-6-thread-84] c.z.b.a.s.service.BlogSearchService      : searchStatusEntity after = SearchStatusEntity(searchId=4, searchKeyword=아이유, searchCount=86, lastSearchDateTime=2023-03-24T10:53:29.989310100)
Hibernate: 
    update
        search_status 
    set
        update_datetime=?,
        last_search_datetime=?,
        search_count=?,
        search_keyword=? 
    where
        search_id=?
2023-03-24 10:53:29.993  INFO 53500 --- [ool-6-thread-80] c.z.b.a.s.service.BlogSearchService      : searchStatusEntity before = SearchStatusEntity(searchId=4, searchKeyword=아이유, searchCount=86, lastSearchDateTime=2023-03-24T10:53:29.989310)
2023-03-24 10:53:29.993  INFO 53500 --- [ool-6-thread-80] c.z.b.a.s.service.BlogSearchService      : searchStatusEntity after = SearchStatusEntity(searchId=4, searchKeyword=아이유, searchCount=87, lastSearchDateTime=2023-03-24T10:53:29.993299)
2023-03-24 10:53:29.994  INFO 53500 --- [ool-6-thread-78] c.z.b.a.s.service.BlogSearchService      : kakao api response = com.zetn333.blogsearchservice.api.search.dto.SearchBlogResponse@6d4f56bd
Hibernate: 
    update
        search_status 
    set
        update_datetime=?,
        last_search_datetime=?,
        search_count=?,
        search_keyword=? 
    where
        search_id=?
Hibernate: 
    select
        searchstat0_.search_id as search_i1_0_,
        searchstat0_.create_datetime as create_d2_0_,
        searchstat0_.update_datetime as update_d3_0_,
        searchstat0_.last_search_datetime as last_sea4_0_,
        searchstat0_.search_count as search_c5_0_,
        searchstat0_.search_keyword as search_k6_0_ 
    from
        search_status searchstat0_ 
    where
        searchstat0_.search_keyword=? for update
            
2023-03-24 10:53:30.001  INFO 53500 --- [ol-6-thread-100] c.z.b.a.s.service.BlogSearchService      : kakao api response = com.zetn333.blogsearchservice.api.search.dto.SearchBlogResponse@79503fe4
2023-03-24 10:53:30.002  INFO 53500 --- [ool-6-thread-99] c.z.b.a.s.service.BlogSearchService      : kakao api response = com.zetn333.blogsearchservice.api.search.dto.SearchBlogResponse@1cddb2a0
Hibernate: 
    select
        searchstat0_.search_id as search_i1_0_,
        searchstat0_.create_datetime as create_d2_0_,
        searchstat0_.update_datetime as update_d3_0_,
        searchstat0_.last_search_datetime as last_sea4_0_,
        searchstat0_.search_count as search_c5_0_,
        searchstat0_.search_keyword as search_k6_0_ 
    from
        search_status searchstat0_ 
    where
        searchstat0_.search_keyword=? for update
            
2023-03-24 10:53:30.002  INFO 53500 --- [ool-6-thread-78] c.z.b.a.s.service.BlogSearchService      : searchStatusEntity before = SearchStatusEntity(searchId=4, searchKeyword=아이유, searchCount=87, lastSearchDateTime=2023-03-24T10:53:29.993299)
2023-03-24 10:53:30.002  INFO 53500 --- [ool-6-thread-78] c.z.b.a.s.service.BlogSearchService      : searchStatusEntity after = SearchStatusEntity(searchId=4, searchKeyword=아이유, searchCount=88, lastSearchDateTime=2023-03-24T10:53:30.002277100)
Hibernate: 
    select
        searchstat0_.search_id as search_i1_0_,
        searchstat0_.create_datetime as create_d2_0_,
        searchstat0_.update_datetime as update_d3_0_,
        searchstat0_.last_search_datetime as last_sea4_0_,
        searchstat0_.search_count as search_c5_0_,
        searchstat0_.search_keyword as search_k6_0_ 
    from
        search_status searchstat0_ 
    where
        searchstat0_.search_keyword=? for update
            
Hibernate: 
    update
        search_status 
    set
        update_datetime=?,
        last_search_datetime=?,
        search_count=?,
        search_keyword=? 
    where
        search_id=?
2023-03-24 10:53:30.005  INFO 53500 --- [ool-6-thread-53] c.z.b.a.s.service.BlogSearchService      : searchStatusEntity before = SearchStatusEntity(searchId=4, searchKeyword=아이유, searchCount=88, lastSearchDateTime=2023-03-24T10:53:30.002277)
2023-03-24 10:53:30.005  INFO 53500 --- [ool-6-thread-53] c.z.b.a.s.service.BlogSearchService      : searchStatusEntity after = SearchStatusEntity(searchId=4, searchKeyword=아이유, searchCount=89, lastSearchDateTime=2023-03-24T10:53:30.005267600)
Hibernate: 
    update
        search_status 
    set
        update_datetime=?,
        last_search_datetime=?,
        search_count=?,
        search_keyword=? 
    where
        search_id=?
2023-03-24 10:53:30.009  INFO 53500 --- [ool-6-thread-99] c.z.b.a.s.service.BlogSearchService      : searchStatusEntity before = SearchStatusEntity(searchId=4, searchKeyword=아이유, searchCount=89, lastSearchDateTime=2023-03-24T10:53:30.005268)
2023-03-24 10:53:30.009  INFO 53500 --- [ool-6-thread-99] c.z.b.a.s.service.BlogSearchService      : searchStatusEntity after = SearchStatusEntity(searchId=4, searchKeyword=아이유, searchCount=90, lastSearchDateTime=2023-03-24T10:53:30.009255400)
Hibernate: 
    update
        search_status 
    set
        update_datetime=?,
        last_search_datetime=?,
        search_count=?,
        search_keyword=? 
    where
        search_id=?
2023-03-24 10:53:30.013  INFO 53500 --- [ool-6-thread-98] c.z.b.a.s.service.BlogSearchService      : kakao api response = com.zetn333.blogsearchservice.api.search.dto.SearchBlogResponse@144f1c4a
Hibernate: 
    select
        searchstat0_.search_id as search_i1_0_,
        searchstat0_.create_datetime as create_d2_0_,
        searchstat0_.update_datetime as update_d3_0_,
        searchstat0_.last_search_datetime as last_sea4_0_,
        searchstat0_.search_count as search_c5_0_,
        searchstat0_.search_keyword as search_k6_0_ 
    from
        search_status searchstat0_ 
    where
        searchstat0_.search_keyword=? for update
            
2023-03-24 10:53:30.018  INFO 53500 --- [ool-6-thread-98] c.z.b.a.s.service.BlogSearchService      : searchStatusEntity before = SearchStatusEntity(searchId=4, searchKeyword=아이유, searchCount=90, lastSearchDateTime=2023-03-24T10:53:30.009255)
2023-03-24 10:53:30.019  INFO 53500 --- [ool-6-thread-98] c.z.b.a.s.service.BlogSearchService      : searchStatusEntity after = SearchStatusEntity(searchId=4, searchKeyword=아이유, searchCount=91, lastSearchDateTime=2023-03-24T10:53:30.018232700)
Hibernate: 
    update
        search_status 
    set
        update_datetime=?,
        last_search_datetime=?,
        search_count=?,
        search_keyword=? 
    where
        search_id=?
2023-03-24 10:53:30.020  INFO 53500 --- [ool-6-thread-97] c.z.b.a.s.service.BlogSearchService      : kakao api response = com.zetn333.blogsearchservice.api.search.dto.SearchBlogResponse@33f6b726
2023-03-24 10:53:30.021  INFO 53500 --- [ool-6-thread-96] c.z.b.a.s.service.BlogSearchService      : kakao api response = com.zetn333.blogsearchservice.api.search.dto.SearchBlogResponse@21bf7387
Hibernate: 
    select
        searchstat0_.search_id as search_i1_0_,
        searchstat0_.create_datetime as create_d2_0_,
        searchstat0_.update_datetime as update_d3_0_,
        searchstat0_.last_search_datetime as last_sea4_0_,
        searchstat0_.search_count as search_c5_0_,
        searchstat0_.search_keyword as search_k6_0_ 
    from
        search_status searchstat0_ 
    where
        searchstat0_.search_keyword=? for update
            
Hibernate: 
    select
        searchstat0_.search_id as search_i1_0_,
        searchstat0_.create_datetime as create_d2_0_,
        searchstat0_.update_datetime as update_d3_0_,
        searchstat0_.last_search_datetime as last_sea4_0_,
        searchstat0_.search_count as search_c5_0_,
        searchstat0_.search_keyword as search_k6_0_ 
    from
        search_status searchstat0_ 
    where
        searchstat0_.search_keyword=? for update
            
2023-03-24 10:53:30.022  INFO 53500 --- [ool-6-thread-97] c.z.b.a.s.service.BlogSearchService      : searchStatusEntity before = SearchStatusEntity(searchId=4, searchKeyword=아이유, searchCount=91, lastSearchDateTime=2023-03-24T10:53:30.018233)
2023-03-24 10:53:30.023  INFO 53500 --- [ool-6-thread-97] c.z.b.a.s.service.BlogSearchService      : searchStatusEntity after = SearchStatusEntity(searchId=4, searchKeyword=아이유, searchCount=92, lastSearchDateTime=2023-03-24T10:53:30.023218800)
Hibernate: 
    update
        search_status 
    set
        update_datetime=?,
        last_search_datetime=?,
        search_count=?,
        search_keyword=? 
    where
        search_id=?
2023-03-24 10:53:30.046  INFO 53500 --- [ool-6-thread-95] c.z.b.a.s.service.BlogSearchService      : kakao api response = com.zetn333.blogsearchservice.api.search.dto.SearchBlogResponse@372ea857
2023-03-24 10:53:30.046  INFO 53500 --- [ool-6-thread-94] c.z.b.a.s.service.BlogSearchService      : kakao api response = com.zetn333.blogsearchservice.api.search.dto.SearchBlogResponse@771bd43e
2023-03-24 10:53:30.046  INFO 53500 --- [ool-6-thread-92] c.z.b.a.s.service.BlogSearchService      : kakao api response = com.zetn333.blogsearchservice.api.search.dto.SearchBlogResponse@65c0f9c1
Hibernate: 
    select
        searchstat0_.search_id as search_i1_0_,
        searchstat0_.create_datetime as create_d2_0_,
        searchstat0_.update_datetime as update_d3_0_,
        searchstat0_.last_search_datetime as last_sea4_0_,
        searchstat0_.search_count as search_c5_0_,
        searchstat0_.search_keyword as search_k6_0_ 
    from
        search_status searchstat0_ 
    where
        searchstat0_.search_keyword=? for update
            
Hibernate: 
    select
        searchstat0_.search_id as search_i1_0_,
        searchstat0_.create_datetime as create_d2_0_,
        searchstat0_.update_datetime as update_d3_0_,
        searchstat0_.last_search_datetime as last_sea4_0_,
        searchstat0_.search_count as search_c5_0_,
        searchstat0_.search_keyword as search_k6_0_ 
    from
        search_status searchstat0_ 
    where
        searchstat0_.search_keyword=? for update
            
2023-03-24 10:53:30.046  INFO 53500 --- [ool-6-thread-93] c.z.b.a.s.service.BlogSearchService      : kakao api response = com.zetn333.blogsearchservice.api.search.dto.SearchBlogResponse@17c276f1
Hibernate: 
    select
        searchstat0_.search_id as search_i1_0_,
        searchstat0_.create_datetime as create_d2_0_,
        searchstat0_.update_datetime as update_d3_0_,
        searchstat0_.last_search_datetime as last_sea4_0_,
        searchstat0_.search_count as search_c5_0_,
        searchstat0_.search_keyword as search_k6_0_ 
    from
        search_status searchstat0_ 
    where
        searchstat0_.search_keyword=? for update
            
Hibernate: 
    select
        searchstat0_.search_id as search_i1_0_,
        searchstat0_.create_datetime as create_d2_0_,
        searchstat0_.update_datetime as update_d3_0_,
        searchstat0_.last_search_datetime as last_sea4_0_,
        searchstat0_.search_count as search_c5_0_,
        searchstat0_.search_keyword as search_k6_0_ 
    from
        search_status searchstat0_ 
    where
        searchstat0_.search_keyword=? for update
            
2023-03-24 10:53:30.046  INFO 53500 --- [ool-6-thread-79] c.z.b.a.s.service.BlogSearchService      : searchStatusEntity before = SearchStatusEntity(searchId=4, searchKeyword=아이유, searchCount=92, lastSearchDateTime=2023-03-24T10:53:30.023219)
2023-03-24 10:53:30.050  INFO 53500 --- [ool-6-thread-79] c.z.b.a.s.service.BlogSearchService      : searchStatusEntity after = SearchStatusEntity(searchId=4, searchKeyword=아이유, searchCount=93, lastSearchDateTime=2023-03-24T10:53:30.050146900)
Hibernate: 
    update
        search_status 
    set
        update_datetime=?,
        last_search_datetime=?,
        search_count=?,
        search_keyword=? 
    where
        search_id=?
2023-03-24 10:53:30.053  INFO 53500 --- [ool-6-thread-96] c.z.b.a.s.service.BlogSearchService      : searchStatusEntity before = SearchStatusEntity(searchId=4, searchKeyword=아이유, searchCount=93, lastSearchDateTime=2023-03-24T10:53:30.050147)
2023-03-24 10:53:30.053  INFO 53500 --- [ool-6-thread-96] c.z.b.a.s.service.BlogSearchService      : searchStatusEntity after = SearchStatusEntity(searchId=4, searchKeyword=아이유, searchCount=94, lastSearchDateTime=2023-03-24T10:53:30.053138200)
Hibernate: 
    update
        search_status 
    set
        update_datetime=?,
        last_search_datetime=?,
        search_count=?,
        search_keyword=? 
    where
        search_id=?
2023-03-24 10:53:30.056  INFO 53500 --- [ool-6-thread-95] c.z.b.a.s.service.BlogSearchService      : searchStatusEntity before = SearchStatusEntity(searchId=4, searchKeyword=아이유, searchCount=94, lastSearchDateTime=2023-03-24T10:53:30.053138)
2023-03-24 10:53:30.056  INFO 53500 --- [ool-6-thread-95] c.z.b.a.s.service.BlogSearchService      : searchStatusEntity after = SearchStatusEntity(searchId=4, searchKeyword=아이유, searchCount=95, lastSearchDateTime=2023-03-24T10:53:30.056130700)
Hibernate: 
    update
        search_status 
    set
        update_datetime=?,
        last_search_datetime=?,
        search_count=?,
        search_keyword=? 
    where
        search_id=?
2023-03-24 10:53:30.058  INFO 53500 --- [ool-6-thread-92] c.z.b.a.s.service.BlogSearchService      : searchStatusEntity before = SearchStatusEntity(searchId=4, searchKeyword=아이유, searchCount=95, lastSearchDateTime=2023-03-24T10:53:30.056131)
2023-03-24 10:53:30.059  INFO 53500 --- [ool-6-thread-92] c.z.b.a.s.service.BlogSearchService      : searchStatusEntity after = SearchStatusEntity(searchId=4, searchKeyword=아이유, searchCount=96, lastSearchDateTime=2023-03-24T10:53:30.059122500)
Hibernate: 
    update
        search_status 
    set
        update_datetime=?,
        last_search_datetime=?,
        search_count=?,
        search_keyword=? 
    where
        search_id=?
2023-03-24 10:53:30.061  INFO 53500 --- [ool-6-thread-93] c.z.b.a.s.service.BlogSearchService      : searchStatusEntity before = SearchStatusEntity(searchId=4, searchKeyword=아이유, searchCount=96, lastSearchDateTime=2023-03-24T10:53:30.059123)
2023-03-24 10:53:30.061  INFO 53500 --- [ool-6-thread-93] c.z.b.a.s.service.BlogSearchService      : searchStatusEntity after = SearchStatusEntity(searchId=4, searchKeyword=아이유, searchCount=97, lastSearchDateTime=2023-03-24T10:53:30.061118)
Hibernate: 
    update
        search_status 
    set
        update_datetime=?,
        last_search_datetime=?,
        search_count=?,
        search_keyword=? 
    where
        search_id=?
2023-03-24 10:53:30.066  INFO 53500 --- [ool-6-thread-91] c.z.b.a.s.service.BlogSearchService      : kakao api response = com.zetn333.blogsearchservice.api.search.dto.SearchBlogResponse@1d5aee9
2023-03-24 10:53:30.066  INFO 53500 --- [ol-6-thread-100] c.z.b.a.s.service.BlogSearchService      : searchStatusEntity before = SearchStatusEntity(searchId=4, searchKeyword=아이유, searchCount=97, lastSearchDateTime=2023-03-24T10:53:30.061118)
2023-03-24 10:53:30.066  INFO 53500 --- [ol-6-thread-100] c.z.b.a.s.service.BlogSearchService      : searchStatusEntity after = SearchStatusEntity(searchId=4, searchKeyword=아이유, searchCount=98, lastSearchDateTime=2023-03-24T10:53:30.066105500)
Hibernate: 
    select
        searchstat0_.search_id as search_i1_0_,
        searchstat0_.create_datetime as create_d2_0_,
        searchstat0_.update_datetime as update_d3_0_,
        searchstat0_.last_search_datetime as last_sea4_0_,
        searchstat0_.search_count as search_c5_0_,
        searchstat0_.search_keyword as search_k6_0_ 
    from
        search_status searchstat0_ 
    where
        searchstat0_.search_keyword=? for update
            
Hibernate: 
    update
        search_status 
    set
        update_datetime=?,
        last_search_datetime=?,
        search_count=?,
        search_keyword=? 
    where
        search_id=?
2023-03-24 10:53:30.071  INFO 53500 --- [ool-6-thread-94] c.z.b.a.s.service.BlogSearchService      : searchStatusEntity before = SearchStatusEntity(searchId=4, searchKeyword=아이유, searchCount=98, lastSearchDateTime=2023-03-24T10:53:30.066106)
2023-03-24 10:53:30.071  INFO 53500 --- [ool-6-thread-94] c.z.b.a.s.service.BlogSearchService      : searchStatusEntity after = SearchStatusEntity(searchId=4, searchKeyword=아이유, searchCount=99, lastSearchDateTime=2023-03-24T10:53:30.071090800)
2023-03-24 10:53:30.072  INFO 53500 --- [ool-6-thread-90] c.z.b.a.s.service.BlogSearchService      : kakao api response = com.zetn333.blogsearchservice.api.search.dto.SearchBlogResponse@12556c3e
Hibernate: 
    select
        searchstat0_.search_id as search_i1_0_,
        searchstat0_.create_datetime as create_d2_0_,
        searchstat0_.update_datetime as update_d3_0_,
        searchstat0_.last_search_datetime as last_sea4_0_,
        searchstat0_.search_count as search_c5_0_,
        searchstat0_.search_keyword as search_k6_0_ 
    from
        search_status searchstat0_ 
    where
        searchstat0_.search_keyword=? for update
            
Hibernate: 
    update
        search_status 
    set
        update_datetime=?,
        last_search_datetime=?,
        search_count=?,
        search_keyword=? 
    where
        search_id=?
2023-03-24 10:53:30.077  INFO 53500 --- [ool-6-thread-91] c.z.b.a.s.service.BlogSearchService      : searchStatusEntity before = SearchStatusEntity(searchId=4, searchKeyword=아이유, searchCount=99, lastSearchDateTime=2023-03-24T10:53:30.071091)
2023-03-24 10:53:30.077  INFO 53500 --- [ool-6-thread-91] c.z.b.a.s.service.BlogSearchService      : searchStatusEntity after = SearchStatusEntity(searchId=4, searchKeyword=아이유, searchCount=100, lastSearchDateTime=2023-03-24T10:53:30.077074800)
Hibernate: 
    update
        search_status 
    set
        update_datetime=?,
        last_search_datetime=?,
        search_count=?,
        search_keyword=? 
    where
        search_id=?
2023-03-24 10:53:30.081  INFO 53500 --- [ool-6-thread-90] c.z.b.a.s.service.BlogSearchService      : searchStatusEntity before = SearchStatusEntity(searchId=4, searchKeyword=아이유, searchCount=100, lastSearchDateTime=2023-03-24T10:53:30.077075)
2023-03-24 10:53:30.081  INFO 53500 --- [ool-6-thread-90] c.z.b.a.s.service.BlogSearchService      : searchStatusEntity after = SearchStatusEntity(searchId=4, searchKeyword=아이유, searchCount=101, lastSearchDateTime=2023-03-24T10:53:30.081063)
Hibernate: 
    update
        search_status 
    set
        update_datetime=?,
        last_search_datetime=?,
        search_count=?,
        search_keyword=? 
    where
        search_id=?
Hibernate: 
    SELECT
        * 
    FROM
        SEARCH_STATUS 
    ORDER BY
        search_count DESC LIMIT 10
2023-03-24 10:53:30.088  INFO 53500 --- [    Test worker] c.z.b.a.s.service.BlogSearchService      : hotKeywords = [SearchStatusEntity(searchId=2, searchKeyword=곽튜브, searchCount=101, lastSearchDateTime=2023-03-24T10:53:28.465386), SearchStatusEntity(searchId=3, searchKeyword=송민호, searchCount=101, lastSearchDateTime=2023-03-24T10:53:29.079743), SearchStatusEntity(searchId=4, searchKeyword=아이유, searchCount=101, lastSearchDateTime=2023-03-24T10:53:30.081063), SearchStatusEntity(searchId=1, searchKeyword=방탄소년단, searchCount=13, lastSearchDateTime=2023-03-24T10:53:29.252281)]
]]></system-out>
  <system-err><![CDATA[]]></system-err>
</testsuite>
